#
# A fatal error has been detected by the Java Runtime Environment:
#
#  SIGSEGV (0xb) at pc=0x00007f0839ece009, pid=2719, tid=2748
#
# JRE version: OpenJDK Runtime Environment (9.0) (build 9-internal+0-2016-04-14-195246.buildd.src)
# Java VM: OpenJDK 64-Bit Server VM (9-internal+0-2016-04-14-195246.buildd.src, mixed mode, tiered, compressed oops, g1 gc, linux-amd64)
# Problematic frame:
# C  [libjava.so+0x1d009]  JNU_GetEnv+0x19
#
# Core dump will be written. Default location: Core dumps may be processed with "/usr/share/apport/apport %p %s %c %P" (or dumping to /home/thiagofelix/Documentos/Projetos/projectBiblioteca/core.2719)
#
# If you would like to submit a bug report, please visit:
#   http://bugreport.java.com/bugreport/crash.jsp
# The crash happened outside the Java Virtual Machine in native code.
# See problematic frame for where to report the bug.
#

---------------  S U M M A R Y ------------

Command Line: projectBiblioteca.jar

Host: Intel(R) Core(TM) i3-6100U CPU @ 2.30GHz, 4 cores, 3G, Ubuntu 16.04.1 LTS
Time: Fri Feb  3 07:15:28 2017 BRST elapsed time: 0 seconds (0d 0h 0m 0s)

---------------  T H R E A D  ---------------

Current thread (0x00007f0834400800):  JavaThread "AWT-EventQueue-0" [_thread_in_native, id=2748, stack(0x00007f07cca5e000,0x00007f07ccb5f000)]

Stack: [0x00007f07cca5e000,0x00007f07ccb5f000],  sp=0x00007f07ccb585b0,  free space=1001k
Native frames: (J=compiled Java code, j=interpreted, Vv=VM code, C=native code)
C  [libjava.so+0x1d009]  JNU_GetEnv+0x19
C  [libfontmanager.so+0x33f8e]
C  [libfreetype.so.6+0x14d1b]  FT_Stream_Seek+0x1b

Java frames: (J=compiled Java code, j=interpreted, Vv=VM code)
j  sun.font.FreetypeFontScaler.initNativeScaler(Lsun/font/Font2D;IIZI)J+0 java.desktop@9-internal
j  sun.font.FreetypeFontScaler.<init>(Lsun/font/Font2D;IZI)V+26 java.desktop@9-internal
v  ~StubRoutines::call_stub
j  sun.reflect.NativeConstructorAccessorImpl.newInstance0(Ljava/lang/reflect/Constructor;[Ljava/lang/Object;)Ljava/lang/Object;+0 java.base@9-internal
j  sun.reflect.NativeConstructorAccessorImpl.newInstance([Ljava/lang/Object;)Ljava/lang/Object;+85 java.base@9-internal
j  sun.reflect.DelegatingConstructorAccessorImpl.newInstance([Ljava/lang/Object;)Ljava/lang/Object;+5 java.base@9-internal
j  java.lang.reflect.Constructor.newInstance([Ljava/lang/Object;)Ljava/lang/Object;+65 java.base@9-internal
j  sun.font.FontScaler.getScaler(Lsun/font/Font2D;IZI)Lsun/font/FontScaler;+39 java.desktop@9-internal
j  sun.font.TrueTypeFont.getScaler()Lsun/font/FontScaler;+21 java.desktop@9-internal
j  sun.font.FileFontStrike.<init>(Lsun/font/FileFont;Lsun/font/FontStrikeDesc;)V+204 java.desktop@9-internal
j  sun.font.FileFont.createStrike(Lsun/font/FontStrikeDesc;)Lsun/font/FontStrike;+18 java.desktop@9-internal
j  sun.font.Font2D.getStrike(Lsun/font/FontStrikeDesc;Z)Lsun/font/FontStrike;+92 java.desktop@9-internal
j  sun.font.Font2D.getStrike(Lsun/font/FontStrikeDesc;)Lsun/font/FontStrike;+3 java.desktop@9-internal
j  sun.font.CompositeStrike.getStrikeForSlot(I)Lsun/font/PhysicalStrike;+23 java.desktop@9-internal
j  sun.font.CompositeStrike.getFontMetrics()Lsun/font/StrikeMetrics;+31 java.desktop@9-internal
j  sun.font.FontDesignMetrics.initMatrixAndMetrics()V+28 java.desktop@9-internal
j  sun.font.FontDesignMetrics.<init>(Ljava/awt/Font;Ljava/awt/font/FontRenderContext;)V+62 java.desktop@9-internal
j  sun.font.FontDesignMetrics.getMetrics(Ljava/awt/Font;Ljava/awt/font/FontRenderContext;)Lsun/font/FontDesignMetrics;+128 java.desktop@9-internal
j  sun.swing.SwingUtilities2.getFontMetrics(Ljavax/swing/JComponent;Ljava/awt/Font;)Ljava/awt/FontMetrics;+15 java.desktop@9-internal
j  javax.swing.JComponent.getFontMetrics(Ljava/awt/Font;)Ljava/awt/FontMetrics;+2 java.desktop@9-internal
j  sun.swing.SwingUtilities2.getFontMetrics(Ljavax/swing/JComponent;Ljava/awt/Graphics;Ljava/awt/Font;)Ljava/awt/FontMetrics;+6 java.desktop@9-internal
j  sun.swing.SwingUtilities2.getFontMetrics(Ljavax/swing/JComponent;Ljava/awt/Graphics;)Ljava/awt/FontMetrics;+6 java.desktop@9-internal
j  javax.swing.plaf.basic.BasicLabelUI.paint(Ljava/awt/Graphics;Ljavax/swing/JComponent;)V+44 java.desktop@9-internal
j  javax.swing.plaf.ComponentUI.update(Ljava/awt/Graphics;Ljavax/swing/JComponent;)V+32 java.desktop@9-internal
j  javax.swing.JComponent.paintComponent(Ljava/awt/Graphics;)V+26 java.desktop@9-internal
j  javax.swing.JComponent.paint(Ljava/awt/Graphics;)V+286 java.desktop@9-internal
j  javax.swing.JComponent.paintChildren(Ljava/awt/Graphics;)V+501 java.desktop@9-internal
j  javax.swing.JComponent.paint(Ljava/awt/Graphics;)V+318 java.desktop@9-internal
j  javax.swing.JComponent.paintChildren(Ljava/awt/Graphics;)V+501 java.desktop@9-internal
j  javax.swing.JComponent.paint(Ljava/awt/Graphics;)V+318 java.desktop@9-internal
j  javax.swing.JLayeredPane.paint(Ljava/awt/Graphics;)V+73 java.desktop@9-internal
j  javax.swing.JComponent.paintChildren(Ljava/awt/Graphics;)V+501 java.desktop@9-internal
j  javax.swing.JComponent.paintToOffscreen(Ljava/awt/Graphics;IIIIII)V+72 java.desktop@9-internal
j  javax.swing.BufferStrategyPaintManager.paint(Ljavax/swing/JComponent;Ljavax/swing/JComponent;Ljava/awt/Graphics;IIII)Z+164 java.desktop@9-internal
j  javax.swing.RepaintManager.paint(Ljavax/swing/JComponent;Ljavax/swing/JComponent;Ljava/awt/Graphics;IIII)V+51 java.desktop@9-internal
j  javax.swing.JComponent.paint(Ljava/awt/Graphics;)V+221 java.desktop@9-internal
j  java.awt.GraphicsCallback$PaintCallback.run(Ljava/awt/Component;Ljava/awt/Graphics;)V+2 java.desktop@9-internal
j  sun.awt.SunGraphicsCallback.runOneComponent(Ljava/awt/Component;Ljava/awt/Rectangle;Ljava/awt/Graphics;Ljava/awt/Shape;I)V+155 java.desktop@9-internal
j  sun.awt.SunGraphicsCallback.runComponents([Ljava/awt/Component;Ljava/awt/Graphics;I)V+157 java.desktop@9-internal
j  java.awt.Container.paint(Ljava/awt/Graphics;)V+58 java.desktop@9-internal
j  java.awt.Window.paint(Ljava/awt/Graphics;)V+68 java.desktop@9-internal
j  javax.swing.RepaintManager$4.run()Ljava/lang/Void;+142 java.desktop@9-internal
j  javax.swing.RepaintManager$4.run()Ljava/lang/Object;+1 java.desktop@9-internal
v  ~StubRoutines::call_stub
j  java.security.AccessController.doPrivileged(Ljava/security/PrivilegedAction;Ljava/security/AccessControlContext;)Ljava/lang/Object;+0 java.base@9-internal
j  java.security.ProtectionDomain$JavaSecurityAccessImpl.doIntersectionPrivilege(Ljava/security/PrivilegedAction;Ljava/security/AccessControlContext;Ljava/security/AccessControlContext;)Ljava/lang/Object;+18 java.base@9-internal
j  javax.swing.RepaintManager.paintDirtyRegions(Ljava/util/Map;)V+154 java.desktop@9-internal
j  javax.swing.RepaintManager.paintDirtyRegions()V+46 java.desktop@9-internal
j  javax.swing.RepaintManager.prePaintDirtyRegions()V+73 java.desktop@9-internal
j  javax.swing.RepaintManager.access$1200(Ljavax/swing/RepaintManager;)V+1 java.desktop@9-internal
j  javax.swing.RepaintManager$ProcessingRunnable.run()V+37 java.desktop@9-internal
j  java.awt.event.InvocationEvent.dispatch()V+47 java.desktop@9-internal
j  java.awt.EventQueue.dispatchEventImpl(Ljava/awt/AWTEvent;Ljava/lang/Object;)V+21 java.desktop@9-internal
j  java.awt.EventQueue.access$500(Ljava/awt/EventQueue;Ljava/awt/AWTEvent;Ljava/lang/Object;)V+3 java.desktop@9-internal
j  java.awt.EventQueue$3.run()Ljava/lang/Void;+32 java.desktop@9-internal
j  java.awt.EventQueue$3.run()Ljava/lang/Object;+1 java.desktop@9-internal
v  ~StubRoutines::call_stub
j  java.security.AccessController.doPrivileged(Ljava/security/PrivilegedAction;Ljava/security/AccessControlContext;)Ljava/lang/Object;+0 java.base@9-internal
j  java.security.ProtectionDomain$JavaSecurityAccessImpl.doIntersectionPrivilege(Ljava/security/PrivilegedAction;Ljava/security/AccessControlContext;Ljava/security/AccessControlContext;)Ljava/lang/Object;+18 java.base@9-internal
j  java.awt.EventQueue.dispatchEvent(Ljava/awt/AWTEvent;)V+46 java.desktop@9-internal
j  java.awt.EventDispatchThread.pumpOneEventForFilters(I)V+183 java.desktop@9-internal
j  java.awt.EventDispatchThread.pumpEventsForFilter(ILjava/awt/Conditional;Ljava/awt/EventFilter;)V+35 java.desktop@9-internal
j  java.awt.EventDispatchThread.pumpEventsForHierarchy(ILjava/awt/Conditional;Ljava/awt/Component;)V+11 java.desktop@9-internal
j  java.awt.EventDispatchThread.pumpEvents(ILjava/awt/Conditional;)V+4 java.desktop@9-internal
j  java.awt.EventDispatchThread.pumpEvents(Ljava/awt/Conditional;)V+3 java.desktop@9-internal
j  java.awt.EventDispatchThread.run()V+9 java.desktop@9-internal
v  ~StubRoutines::call_stub

siginfo: si_signo: 11 (SIGSEGV), si_code: 1 (SEGV_MAPERR), si_addr: 0x0000000000000000

Register to memory mapping:

RAX=0x0000000000000000 is an unknown value
RBX=0x0000000000000000 is an unknown value
RCX=0x0000000000000000 is an unknown value
RDX=0x0000000000010002 is an unknown value
RSP=0x00007f07ccb585b0 is pointing into the stack for thread: 0x00007f0834400800
RBP=0x00007f07ccb585c0 is pointing into the stack for thread: 0x00007f0834400800
RSI=0x0000000000010002 is an unknown value
RDI=0x0000000000000000 is an unknown value
R8 =0x0000000000000000 is an unknown value
R9 =0x0000000000000000 is an unknown value
R10=0x00000000000001db is an unknown value
R11=0x00007f0839ecdff0: JNU_GetEnv+0x0000000000000000 in /usr/lib/jvm/java-9-openjdk-amd64/lib/amd64/libjava.so at 0x00007f0839eb1000
R12=0x00007f07a0020be0 is an unknown value
R13=0x0000000000000000 is an unknown value
R14=0x0000000000000000 is an unknown value
R15=0x00007f07a002d220 is an unknown value


Registers:
RAX=0x0000000000000000, RBX=0x0000000000000000, RCX=0x0000000000000000, RDX=0x0000000000010002
RSP=0x00007f07ccb585b0, RBP=0x00007f07ccb585c0, RSI=0x0000000000010002, RDI=0x0000000000000000
R8 =0x0000000000000000, R9 =0x0000000000000000, R10=0x00000000000001db, R11=0x00007f0839ecdff0
R12=0x00007f07a0020be0, R13=0x0000000000000000, R14=0x0000000000000000, R15=0x00007f07a002d220
RIP=0x00007f0839ece009, EFLAGS=0x0000000000010246, CSGSFS=0x0000000000000033, ERR=0x0000000000000004
  TRAPNO=0x000000000000000e

Top of Stack: (sp=0x00007f07ccb585b0)
0x00007f07ccb585b0:   0000000000000000 d757c7a3706d8700
0x00007f07ccb585c0:   00007f07ccb58600 00007f07cda75f8e
0x00007f07ccb585d0:   00007f07a0021060 00007f07a0020be0
0x00007f07ccb585e0:   0000000000000000 0000000000000000
0x00007f07ccb585f0:   00007f07a0020be0 00007f07a002d220
0x00007f07ccb58600:   0000000000000000 00007f07cd7acd1b
0x00007f07ccb58610:   0000000000000000 00007f07cda3ed80
0x00007f07ccb58620:   0000000000000000 00007f07cd7c08d0
0x00007f07ccb58630:   0000000000000002 0000003200000008
0x00007f07ccb58640:   0000000000000000 0000000000000000
0x00007f07ccb58650:   0000006e0000005b 0000000000000000
0x00007f07ccb58660:   0000000000000000 0000007c00000077
0x00007f07ccb58670:   0000000000000000 0000000000000000
0x00007f07ccb58680:   000000004e8b41d0 468b41e04e8b45e8
0x00007f07ccb58690:   0000000000000000 00007f07a0000020
0x00007f07ccb586a0:   0000000000000070 00007f07ccb58754
0x00007f07ccb586b0:   00007f07a0021060 00007f07a002d220
0x00007f07ccb586c0:   00007f07ccb58754 00007f083c5db5d4
0x00007f07ccb586d0:   00007f07ccb58820 00007f07ccb58704
0x00007f07ccb586e0:   00007f07cda3b9e0 d757c7a3706d8700
0x00007f07ccb586f0:   0000000000000070 00007f07a0020ea0
0x00007f07ccb58700:   00007f07cda3b9e0 00007f07ccb58818
0x00007f07ccb58710:   00007f07a0021060 00007f07a002d220
0x00007f07ccb58720:   00007f07a002d750 00007f07cd7af4b2
0x00007f07ccb58730:   0000000100000000 00007f07ccb58820
0x00007f07ccb58740:   0000000000000000 0000000000000000
0x00007f07ccb58750:   00000000ccb58818 d757c7a3706d8700
0x00007f07ccb58760:   00007f07a0020ea0 00007f07ccb58820
0x00007f07ccb58770:   0000000000000000 00007f07a0020f88
0x00007f07ccb58780:   00007f07ccb58a20 00007f07a0020ee8
0x00007f07ccb58790:   00007f07a0021060 00007f07cd7b1571
0x00007f07ccb587a0:   00007f07ccb58820 00007f07cd7b1366 

Instructions: (pc=0x00007f0839ece009)
0x00007f0839ecdfe9:   ff eb ea 0f 1f 40 00 55 89 f2 48 89 e5 48 83 ec
0x00007f0839ecdff9:   10 64 48 8b 04 25 28 00 00 00 48 89 45 f8 31 c0
0x00007f0839ece009:   48 8b 07 48 8d 75 f0 ff 50 30 48 8b 4d f8 64 48
0x00007f0839ece019:   33 0c 25 28 00 00 00 48 8b 45 f0 75 02 c9 c3 e8 


---------------  P R O C E S S  ---------------

Java Threads: ( => current thread )
  0x00007f0834011000 JavaThread "DestroyJavaVM" [_thread_blocked, id=2720, stack(0x00007f083cc28000,0x00007f083cd29000)]
=>0x00007f0834400800 JavaThread "AWT-EventQueue-0" [_thread_in_native, id=2748, stack(0x00007f07cca5e000,0x00007f07ccb5f000)]
  0x00007f08343fe800 JavaThread "AWT-Shutdown" [_thread_blocked, id=2747, stack(0x00007f07ccb5f000,0x00007f07ccc60000)]
  0x00007f08343fc000 JavaThread "Image Fetcher 3" daemon [_thread_blocked, id=2746, stack(0x00007f07ccc60000,0x00007f07ccd61000)]
  0x00007f0834322800 JavaThread "AWT-XAWT" daemon [_thread_in_native, id=2745, stack(0x00007f07ccf61000,0x00007f07cd062000)]
  0x00007f0834303800 JavaThread "Java2D Disposer" daemon [_thread_blocked, id=2744, stack(0x00007f07cd472000,0x00007f07cd573000)]
  0x00007f0834204000 JavaThread "Service Thread" daemon [_thread_blocked, id=2742, stack(0x00007f07cf4d1000,0x00007f07cf5d2000)]
  0x00007f0834146000 JavaThread "Common-Cleaner" daemon [_thread_blocked, id=2741, stack(0x00007f07cf5d2000,0x00007f07cf6d3000)]
  0x00007f0834136000 JavaThread "Sweeper thread" daemon [_thread_blocked, id=2740, stack(0x00007f07cfdfe000,0x00007f07cfeff000)]
  0x00007f0834134800 JavaThread "C1 CompilerThread2" daemon [_thread_blocked, id=2739, stack(0x00007f07cfeff000,0x00007f07d0000000)]
  0x00007f0834132800 JavaThread "C2 CompilerThread1" daemon [_thread_blocked, id=2738, stack(0x00007f07f4030000,0x00007f07f4131000)]
  0x00007f0834131000 JavaThread "C2 CompilerThread0" daemon [_thread_in_native, id=2737, stack(0x00007f07f4131000,0x00007f07f4232000)]
  0x00007f083412c800 JavaThread "Signal Dispatcher" daemon [_thread_blocked, id=2736, stack(0x00007f07f4232000,0x00007f07f4333000)]
  0x00007f083412a800 JavaThread "Surrogate Locker Thread (Concurrent GC)" daemon [_thread_blocked, id=2735, stack(0x00007f07f4333000,0x00007f07f4434000)]
  0x00007f0834119000 JavaThread "Finalizer" daemon [_thread_blocked, id=2734, stack(0x00007f07f470e000,0x00007f07f480f000)]
  0x00007f0834115000 JavaThread "Reference Handler" daemon [_thread_blocked, id=2733, stack(0x00007f07f480f000,0x00007f07f4910000)]

Other Threads:
  0x00007f083410b000 VMThread [stack: 0x00007f081c0f0000,0x00007f081c1f1000] [id=2732]
  0x00007f0834206800 WatcherThread [stack: 0x00007f07cf3d0000,0x00007f07cf4d1000] [id=2743]

Threads with active compile tasks:
C2 CompilerThread0 614       4       java.util.HashMap::putVal (300 bytes)

VM state:not at safepoint (normal execution)

VM Mutex/Monitor currently owned by a thread: None

heap address: 0x00000000c4400000, size: 956 MB, Compressed Oops mode: 32-bit
Narrow klass base: 0x0000000000000000, Narrow klass shift: 3
Compressed class space size: 1073741824 Address: 0x0000000100000000

Heap:
 garbage-first heap   total 61440K, used 3589K [0x00000000c4400000, 0x00000000c45001e0, 0x0000000100000000)
  region size 1024K, 3 young (3072K), 1 survivors (1024K)
 Metaspace       used 12763K, capacity 13216K, committed 13440K, reserved 1060864K
  class space    used 1482K, capacity 1636K, committed 1664K, reserved 1048576K

Heap Regions: E=young(eden), S=young(survivor), O=old, HS=humongous(starts), HC=humongous(continues), CS=collection set, F=free, A=archive, TS=gc time stamp, AC=allocation context, TAMS=top-at-mark-start (previous, next)
|   0|0x00000000c4400000, 0x00000000c4500000, 0x00000000c4500000|100%| O|  |TS  1|AC  0|TAMS 0x00000000c4400000, 0x00000000c4400000|
|   1|0x00000000c4500000, 0x00000000c4581600, 0x00000000c4600000| 50%| O|  |TS  1|AC  0|TAMS 0x00000000c4500000, 0x00000000c4500000|
|   2|0x00000000c4600000, 0x00000000c4600000, 0x00000000c4700000|  0%| F|  |TS  0|AC  0|TAMS 0x00000000c4600000, 0x00000000c4600000|
|   3|0x00000000c4700000, 0x00000000c4700000, 0x00000000c4800000|  0%| F|  |TS  0|AC  0|TAMS 0x00000000c4700000, 0x00000000c4700000|
|   4|0x00000000c4800000, 0x00000000c4800000, 0x00000000c4900000|  0%| F|  |TS  0|AC  0|TAMS 0x00000000c4800000, 0x00000000c4800000|
|   5|0x00000000c4900000, 0x00000000c4900000, 0x00000000c4a00000|  0%| F|  |TS  0|AC  0|TAMS 0x00000000c4900000, 0x00000000c4900000|
|   6|0x00000000c4a00000, 0x00000000c4a00000, 0x00000000c4b00000|  0%| F|  |TS  0|AC  0|TAMS 0x00000000c4a00000, 0x00000000c4a00000|
|   7|0x00000000c4b00000, 0x00000000c4b00000, 0x00000000c4c00000|  0%| F|  |TS  0|AC  0|TAMS 0x00000000c4b00000, 0x00000000c4b00000|
|   8|0x00000000c4c00000, 0x00000000c4c00000, 0x00000000c4d00000|  0%| F|  |TS  0|AC  0|TAMS 0x00000000c4c00000, 0x00000000c4c00000|
|   9|0x00000000c4d00000, 0x00000000c4d00000, 0x00000000c4e00000|  0%| F|  |TS  0|AC  0|TAMS 0x00000000c4d00000, 0x00000000c4d00000|
|  10|0x00000000c4e00000, 0x00000000c4e00000, 0x00000000c4f00000|  0%| F|  |TS  0|AC  0|TAMS 0x00000000c4e00000, 0x00000000c4e00000|
|  11|0x00000000c4f00000, 0x00000000c4f00000, 0x00000000c5000000|  0%| F|  |TS  0|AC  0|TAMS 0x00000000c4f00000, 0x00000000c4f00000|
|  12|0x00000000c5000000, 0x00000000c5000000, 0x00000000c5100000|  0%| F|  |TS  0|AC  0|TAMS 0x00000000c5000000, 0x00000000c5000000|
|  13|0x00000000c5100000, 0x00000000c5100000, 0x00000000c5200000|  0%| F|  |TS  0|AC  0|TAMS 0x00000000c5100000, 0x00000000c5100000|
|  14|0x00000000c5200000, 0x00000000c5200000, 0x00000000c5300000|  0%| F|  |TS  0|AC  0|TAMS 0x00000000c5200000, 0x00000000c5200000|
|  15|0x00000000c5300000, 0x00000000c5300000, 0x00000000c5400000|  0%| F|  |TS  0|AC  0|TAMS 0x00000000c5300000, 0x00000000c5300000|
|  16|0x00000000c5400000, 0x00000000c5400000, 0x00000000c5500000|  0%| F|  |TS  0|AC  0|TAMS 0x00000000c5400000, 0x00000000c5400000|
|  17|0x00000000c5500000, 0x00000000c5500000, 0x00000000c5600000|  0%| F|  |TS  0|AC  0|TAMS 0x00000000c5500000, 0x00000000c5500000|
|  18|0x00000000c5600000, 0x00000000c5600000, 0x00000000c5700000|  0%| F|  |TS  0|AC  0|TAMS 0x00000000c5600000, 0x00000000c5600000|
|  19|0x00000000c5700000, 0x00000000c5700000, 0x00000000c5800000|  0%| F|  |TS  0|AC  0|TAMS 0x00000000c5700000, 0x00000000c5700000|
|  20|0x00000000c5800000, 0x00000000c5800000, 0x00000000c5900000|  0%| F|  |TS  0|AC  0|TAMS 0x00000000c5800000, 0x00000000c5800000|
|  21|0x00000000c5900000, 0x00000000c5900000, 0x00000000c5a00000|  0%| F|  |TS  0|AC  0|TAMS 0x00000000c5900000, 0x00000000c5900000|
|  22|0x00000000c5a00000, 0x00000000c5a00000, 0x00000000c5b00000|  0%| F|  |TS  0|AC  0|TAMS 0x00000000c5a00000, 0x00000000c5a00000|
|  23|0x00000000c5b00000, 0x00000000c5b00000, 0x00000000c5c00000|  0%| F|  |TS  0|AC  0|TAMS 0x00000000c5b00000, 0x00000000c5b00000|
|  24|0x00000000c5c00000, 0x00000000c5c00000, 0x00000000c5d00000|  0%| F|  |TS  0|AC  0|TAMS 0x00000000c5c00000, 0x00000000c5c00000|
|  25|0x00000000c5d00000, 0x00000000c5d00000, 0x00000000c5e00000|  0%| F|  |TS  0|AC  0|TAMS 0x00000000c5d00000, 0x00000000c5d00000|
|  26|0x00000000c5e00000, 0x00000000c5e00000, 0x00000000c5f00000|  0%| F|  |TS  0|AC  0|TAMS 0x00000000c5e00000, 0x00000000c5e00000|
|  27|0x00000000c5f00000, 0x00000000c5f00000, 0x00000000c6000000|  0%| F|  |TS  0|AC  0|TAMS 0x00000000c5f00000, 0x00000000c5f00000|
|  28|0x00000000c6000000, 0x00000000c6000000, 0x00000000c6100000|  0%| F|  |TS  0|AC  0|TAMS 0x00000000c6000000, 0x00000000c6000000|
|  29|0x00000000c6100000, 0x00000000c6100000, 0x00000000c6200000|  0%| F|  |TS  0|AC  0|TAMS 0x00000000c6100000, 0x00000000c6100000|
|  30|0x00000000c6200000, 0x00000000c6200000, 0x00000000c6300000|  0%| F|  |TS  0|AC  0|TAMS 0x00000000c6200000, 0x00000000c6200000|
|  31|0x00000000c6300000, 0x00000000c6300000, 0x00000000c6400000|  0%| F|  |TS  0|AC  0|TAMS 0x00000000c6300000, 0x00000000c6300000|
|  32|0x00000000c6400000, 0x00000000c6400000, 0x00000000c6500000|  0%| F|  |TS  0|AC  0|TAMS 0x00000000c6400000, 0x00000000c6400000|
|  33|0x00000000c6500000, 0x00000000c6500000, 0x00000000c6600000|  0%| F|  |TS  0|AC  0|TAMS 0x00000000c6500000, 0x00000000c6500000|
|  34|0x00000000c6600000, 0x00000000c6600000, 0x00000000c6700000|  0%| F|  |TS  0|AC  0|TAMS 0x00000000c6600000, 0x00000000c6600000|
|  35|0x00000000c6700000, 0x00000000c6700000, 0x00000000c6800000|  0%| F|  |TS  0|AC  0|TAMS 0x00000000c6700000, 0x00000000c6700000|
|  36|0x00000000c6800000, 0x00000000c6800000, 0x00000000c6900000|  0%| F|  |TS  0|AC  0|TAMS 0x00000000c6800000, 0x00000000c6800000|
|  37|0x00000000c6900000, 0x00000000c6900000, 0x00000000c6a00000|  0%| F|  |TS  0|AC  0|TAMS 0x00000000c6900000, 0x00000000c6900000|
|  38|0x00000000c6a00000, 0x00000000c6a00000, 0x00000000c6b00000|  0%| F|  |TS  0|AC  0|TAMS 0x00000000c6a00000, 0x00000000c6a00000|
|  39|0x00000000c6b00000, 0x00000000c6b00000, 0x00000000c6c00000|  0%| F|  |TS  0|AC  0|TAMS 0x00000000c6b00000, 0x00000000c6b00000|
|  40|0x00000000c6c00000, 0x00000000c6c00000, 0x00000000c6d00000|  0%| F|  |TS  0|AC  0|TAMS 0x00000000c6c00000, 0x00000000c6c00000|
|  41|0x00000000c6d00000, 0x00000000c6d00000, 0x00000000c6e00000|  0%| F|  |TS  0|AC  0|TAMS 0x00000000c6d00000, 0x00000000c6d00000|
|  42|0x00000000c6e00000, 0x00000000c6e00000, 0x00000000c6f00000|  0%| F|  |TS  0|AC  0|TAMS 0x00000000c6e00000, 0x00000000c6e00000|
|  43|0x00000000c6f00000, 0x00000000c6f00000, 0x00000000c7000000|  0%| F|  |TS  0|AC  0|TAMS 0x00000000c6f00000, 0x00000000c6f00000|
|  44|0x00000000c7000000, 0x00000000c7000000, 0x00000000c7100000|  0%| F|  |TS  0|AC  0|TAMS 0x00000000c7000000, 0x00000000c7000000|
|  45|0x00000000c7100000, 0x00000000c7100000, 0x00000000c7200000|  0%| F|  |TS  0|AC  0|TAMS 0x00000000c7100000, 0x00000000c7100000|
|  46|0x00000000c7200000, 0x00000000c7200000, 0x00000000c7300000|  0%| F|  |TS  0|AC  0|TAMS 0x00000000c7200000, 0x00000000c7200000|
|  47|0x00000000c7300000, 0x00000000c7300000, 0x00000000c7400000|  0%| F|  |TS  0|AC  0|TAMS 0x00000000c7300000, 0x00000000c7300000|
|  48|0x00000000c7400000, 0x00000000c7400000, 0x00000000c7500000|  0%| F|  |TS  0|AC  0|TAMS 0x00000000c7400000, 0x00000000c7400000|
|  49|0x00000000c7500000, 0x00000000c7500000, 0x00000000c7600000|  0%| F|  |TS  0|AC  0|TAMS 0x00000000c7500000, 0x00000000c7500000|
|  50|0x00000000c7600000, 0x00000000c7600000, 0x00000000c7700000|  0%| F|  |TS  0|AC  0|TAMS 0x00000000c7600000, 0x00000000c7600000|
|  51|0x00000000c7700000, 0x00000000c7700000, 0x00000000c7800000|  0%| F|  |TS  0|AC  0|TAMS 0x00000000c7700000, 0x00000000c7700000|
|  52|0x00000000c7800000, 0x00000000c7900000, 0x00000000c7900000|100%| S|CS|TS  1|AC  0|TAMS 0x00000000c7800000, 0x00000000c7800000|
|  53|0x00000000c7900000, 0x00000000c7900000, 0x00000000c7a00000|  0%| F|  |TS  0|AC  0|TAMS 0x00000000c7900000, 0x00000000c7900000|
|  54|0x00000000c7a00000, 0x00000000c7a00000, 0x00000000c7b00000|  0%| F|  |TS  0|AC  0|TAMS 0x00000000c7a00000, 0x00000000c7a00000|
|  55|0x00000000c7b00000, 0x00000000c7b00000, 0x00000000c7c00000|  0%| F|  |TS  0|AC  0|TAMS 0x00000000c7b00000, 0x00000000c7b00000|
|  56|0x00000000c7c00000, 0x00000000c7c00000, 0x00000000c7d00000|  0%| F|  |TS  0|AC  0|TAMS 0x00000000c7c00000, 0x00000000c7c00000|
|  57|0x00000000c7d00000, 0x00000000c7d00000, 0x00000000c7e00000|  0%| F|  |TS  0|AC  0|TAMS 0x00000000c7d00000, 0x00000000c7d00000|
|  58|0x00000000c7e00000, 0x00000000c7e5ee18, 0x00000000c7f00000| 37%| E|  |TS  0|AC  0|TAMS 0x00000000c7e00000, 0x00000000c7e00000|
|  59|0x00000000c7f00000, 0x00000000c8000000, 0x00000000c8000000|100%| E|CS|TS  0|AC  0|TAMS 0x00000000c7f00000, 0x00000000c7f00000|

Card table byte_map: [0x00007f081d895000,0x00007f081da73000] byte_map_base: 0x00007f081d273000

Marking Bits (Prev, Next): (CMBitMap*) 0x00007f083404b920, (CMBitMap*) 0x00007f083404b978
 Prev Bits: [0x00007f081c7c7000, 0x00007f081d6b7000)
 Next Bits: [0x00007f07f7110000, 0x00007f07f8000000)

Polling page: 0x00007f083cd52000

CodeHeap 'non-nmethods': size=5696Kb used=1274Kb max_used=1296Kb free=4421Kb
 bounds [0x00007f081dc51000, 0x00007f081dec1000, 0x00007f081e1e1000]
CodeHeap 'profiled nmethods': size=120032Kb used=1033Kb max_used=1033Kb free=118998Kb
 bounds [0x00007f081e1e1000, 0x00007f081e451000, 0x00007f0825719000]
CodeHeap 'non-profiled nmethods': size=120032Kb used=194Kb max_used=194Kb free=119838Kb
 bounds [0x00007f0825719000, 0x00007f0825989000, 0x00007f082cc51000]
 total_blobs=1311 nmethods=623 adapters=465
 compilation: enabled

Compilation events (10 events):
Event: 0,526 Thread 0x00007f0834132800 nmethod 611 0x00007f0825748510 code [0x00007f08257486a0, 0x00007f0825748c88]
Event: 0,526 Thread 0x00007f0834132800  616       4       java.util.concurrent.ConcurrentHashMap::casTabAt (21 bytes)
Event: 0,528 Thread 0x00007f0834132800 nmethod 616 0x00007f0825748f90 code [0x00007f08257490e0, 0x00007f0825749218]
Event: 0,528 Thread 0x00007f0834132800  605       4       java.lang.AbstractStringBuilder::isLatin1 (19 bytes)
Event: 0,528 Thread 0x00007f0834132800 nmethod 605 0x00007f0825749290 code [0x00007f08257493e0, 0x00007f0825749458]
Event: 0,528 Thread 0x00007f0834132800  617       4       java.util.concurrent.ConcurrentHashMap::setTabAt (20 bytes)
Event: 0,529 Thread 0x00007f0834134800  623       3       java.nio.HeapByteBuffer::_get (7 bytes)
Event: 0,529 Thread 0x00007f0834134800 nmethod 623 0x00007f081e2e2e90 code [0x00007f081e2e3000, 0x00007f081e2e3170]
Event: 0,530 Thread 0x00007f0834132800 nmethod 617 0x00007f0825749510 code [0x00007f0825749660, 0x00007f0825749798]
Event: 0,531 Thread 0x00007f0834134800  624       3       java.nio.Buffer::nextGetIndex (31 bytes)

GC Heap History (2 events):
Event: 0,490 GC heap before
{Heap before GC invocations=0 (full 0):
 garbage-first heap   total 61440K, used 7168K [0x00000000c4400000, 0x00000000c45001e0, 0x0000000100000000)
  region size 1024K, 7 young (7168K), 0 survivors (0K)
 Metaspace       used 12506K, capacity 12894K, committed 13184K, reserved 1060864K
  class space    used 1445K, capacity 1595K, committed 1664K, reserved 1048576K
}
Event: 0,501 GC heap after
{Heap after GC invocations=1 (full 0):
 garbage-first heap   total 61440K, used 2565K [0x00000000c4400000, 0x00000000c45001e0, 0x0000000100000000)
  region size 1024K, 1 young (1024K), 1 survivors (1024K)
 Metaspace       used 12506K, capacity 12894K, committed 13184K, reserved 1060864K
  class space    used 1445K, capacity 1595K, committed 1664K, reserved 1048576K
}

Deoptimization events (10 events):
Event: 0,263 Thread 0x00007f0834011000 Uncommon trap: reason=class_check action=maybe_recompile pc=0x00007f0825722e7c method=java.util.HashMap.putVal(ILjava/lang/Object;Ljava/lang/Object;ZZ)Ljava/lang/Object; @ 91
Event: 0,335 Thread 0x00007f0834011000 Uncommon trap: reason=unstable_if action=reinterpret pc=0x00007f0825724450 method=java.util.HashMap.hash(Ljava/lang/Object;)I @ 1
Event: 0,401 Thread 0x00007f0834011000 Uncommon trap: reason=class_check action=maybe_recompile pc=0x00007f0825722e54 method=java.util.HashMap.putVal(ILjava/lang/Object;Ljava/lang/Object;ZZ)Ljava/lang/Object; @ 253
Event: 0,402 Thread 0x00007f0834011000 Uncommon trap: reason=class_check action=maybe_recompile pc=0x00007f0825722e54 method=java.util.HashMap.putVal(ILjava/lang/Object;Ljava/lang/Object;ZZ)Ljava/lang/Object; @ 253
Event: 0,402 Thread 0x00007f0834011000 Uncommon trap: reason=class_check action=maybe_recompile pc=0x00007f0825722e54 method=java.util.HashMap.putVal(ILjava/lang/Object;Ljava/lang/Object;ZZ)Ljava/lang/Object; @ 253
Event: 0,406 Thread 0x00007f0834011000 Uncommon trap: reason=unstable_fused_if action=reinterpret pc=0x00007f082572f15c method=jdk.internal.org.objectweb.asm.ByteVector.putUTF8(Ljava/lang/String;)Ljdk/internal/org/objectweb/asm/ByteVector; @ 91
Event: 0,519 Thread 0x00007f0834400800 Uncommon trap: reason=bimorphic_or_optimized_type_check action=maybe_recompile pc=0x00007f0825744a0c method=java.util.HashMap.putVal(ILjava/lang/Object;Ljava/lang/Object;ZZ)Ljava/lang/Object; @ 91
Event: 0,519 Thread 0x00007f0834400800 Uncommon trap: reason=bimorphic_or_optimized_type_check action=maybe_recompile pc=0x00007f0825744a0c method=java.util.HashMap.putVal(ILjava/lang/Object;Ljava/lang/Object;ZZ)Ljava/lang/Object; @ 91
Event: 0,519 Thread 0x00007f0834400800 Uncommon trap: reason=bimorphic_or_optimized_type_check action=maybe_recompile pc=0x00007f0825744a0c method=java.util.HashMap.putVal(ILjava/lang/Object;Ljava/lang/Object;ZZ)Ljava/lang/Object; @ 91
Event: 0,519 Thread 0x00007f0834400800 Uncommon trap: reason=bimorphic_or_optimized_type_check action=maybe_recompile pc=0x00007f0825744a0c method=java.util.HashMap.putVal(ILjava/lang/Object;Ljava/lang/Object;ZZ)Ljava/lang/Object; @ 91

Classes redefined (0 events):
No events

Internal exceptions (10 events):
Event: 0,195 Thread 0x00007f0834011000 Exception <a 'java/lang/ClassNotFoundException': sun/awt/resources/awtProvider> (0x00000000c7d97b88) thrown at [/build/openjdk-9-argm_o/openjdk-9-9~b114/src/hotspot/src/share/vm/classfile/systemDictionary.cpp, line 224]
Event: 0,211 Thread 0x00007f0834011000 Exception <a 'java/io/FileNotFoundException'> (0x00000000c7dd7718) thrown at [/build/openjdk-9-argm_o/openjdk-9-9~b114/src/hotspot/src/share/vm/prims/jni.cpp, line 605]
Event: 0,212 Thread 0x00007f0834011000 Exception <a 'java/io/FileNotFoundException'> (0x00000000c7ddf808) thrown at [/build/openjdk-9-argm_o/openjdk-9-9~b114/src/hotspot/src/share/vm/prims/jni.cpp, line 605]
Event: 0,325 Thread 0x00007f0834011000 Exception <a 'java/lang/ClassNotFoundException': com/sun/swing/internal/plaf/metal/resources/metalProvider> (0x00000000c7b9b400) thrown at [/build/openjdk-9-argm_o/openjdk-9-9~b114/src/hotspot/src/share/vm/classfile/systemDictionary.cpp, line 224]
Event: 0,326 Thread 0x00007f0834011000 Exception <a 'java/lang/ClassNotFoundException': com/sun/swing/internal/plaf/basic/resources/basicProvider> (0x00000000c7b9f770) thrown at [/build/openjdk-9-argm_o/openjdk-9-9~b114/src/hotspot/src/share/vm/classfile/systemDictionary.cpp, line 224]
Event: 0,335 Thread 0x00007f0834011000 Implicit null exception at 0x00007f08257243b8 to 0x00007f0825724446
Event: 0,340 Thread 0x00007f0834011000 Exception <a 'java/lang/ClassNotFoundException': com/sun/swing/internal/plaf/metal/resources/metalProvider> (0x00000000c7bd5d30) thrown at [/build/openjdk-9-argm_o/openjdk-9-9~b114/src/hotspot/src/share/vm/classfile/systemDictionary.cpp, line 224]
Event: 0,340 Thread 0x00007f0834011000 Exception <a 'java/lang/ClassNotFoundException': com/sun/swing/internal/plaf/basic/resources/basicProvider> (0x00000000c7bd67e8) thrown at [/build/openjdk-9-argm_o/openjdk-9-9~b114/src/hotspot/src/share/vm/classfile/systemDictionary.cpp, line 224]
Event: 0,383 Thread 0x00007f08343fc000 Exception <a 'java/lang/InterruptedException': sleep interrupted> (0x00000000c7a61f00) thrown at [/build/openjdk-9-argm_o/openjdk-9-9~b114/src/hotspot/src/share/vm/prims/jvm.cpp, line 3065]
Event: 0,389 Thread 0x00007f08343fc000 Exception <a 'java/lang/InterruptedException': sleep interrupted> (0x00000000c7910d90) thrown at [/build/openjdk-9-argm_o/openjdk-9-9~b114/src/hotspot/src/share/vm/prims/jvm.cpp, line 3065]

Events (10 events):
Event: 0,529 loading class sun/nio/cs/UTF_16$Decoder
Event: 0,529 loading class sun/nio/cs/UnicodeDecoder
Event: 0,530 loading class sun/nio/cs/UnicodeDecoder done
Event: 0,530 loading class sun/nio/cs/UTF_16$Decoder done
Event: 0,530 loading class sun/font/FileFontStrike
Event: 0,530 loading class sun/font/FileFontStrike done
Event: 0,531 loading class sun/font/FontScaler
Event: 0,531 loading class sun/font/FontScaler done
Event: 0,531 loading class sun/font/FreetypeFontScaler
Event: 0,531 loading class sun/font/FreetypeFontScaler done


Dynamic libraries:
00400000-00401000 r-xp 00000000 08:07 2493487                            /usr/lib/jvm/java-9-openjdk-amd64/bin/java
00600000-00601000 r--p 00000000 08:07 2493487                            /usr/lib/jvm/java-9-openjdk-amd64/bin/java
00601000-00602000 rw-p 00001000 08:07 2493487                            /usr/lib/jvm/java-9-openjdk-amd64/bin/java
01e24000-01e45000 rw-p 00000000 00:00 0                                  [heap]
c4400000-c8000000 rw-p 00000000 00:00 0 
c8000000-100000000 ---p 00000000 00:00 0 
100000000-1001a0000 rw-p 00000000 00:00 0 
1001a0000-140000000 ---p 00000000 00:00 0 
7f07a0000000-7f07a0031000 rw-p 00000000 00:00 0 
7f07a0031000-7f07a4000000 ---p 00000000 00:00 0 
7f07a8000000-7f07a8021000 rw-p 00000000 00:00 0 
7f07a8021000-7f07ac000000 ---p 00000000 00:00 0 
7f07ac000000-7f07ac021000 rw-p 00000000 00:00 0 
7f07ac021000-7f07b0000000 ---p 00000000 00:00 0 
7f07b0000000-7f07b0021000 rw-p 00000000 00:00 0 
7f07b0021000-7f07b4000000 ---p 00000000 00:00 0 
7f07b4000000-7f07b4021000 rw-p 00000000 00:00 0 
7f07b4021000-7f07b8000000 ---p 00000000 00:00 0 
7f07b8000000-7f07b8021000 rw-p 00000000 00:00 0 
7f07b8021000-7f07bc000000 ---p 00000000 00:00 0 
7f07bc000000-7f07bc021000 rw-p 00000000 00:00 0 
7f07bc021000-7f07c0000000 ---p 00000000 00:00 0 
7f07c0000000-7f07c0021000 rw-p 00000000 00:00 0 
7f07c0021000-7f07c4000000 ---p 00000000 00:00 0 
7f07c4000000-7f07c4021000 rw-p 00000000 00:00 0 
7f07c4021000-7f07c8000000 ---p 00000000 00:00 0 
7f07c8000000-7f07c81a4000 rw-p 00000000 00:00 0 
7f07c81a4000-7f07cc000000 ---p 00000000 00:00 0 
7f07cc85e000-7f07cc9de000 rw-p 00000000 00:00 0 
7f07cc9de000-7f07cca5e000 ---p 00000000 00:00 0 
7f07cca5e000-7f07cca62000 ---p 00000000 00:00 0 
7f07cca62000-7f07ccb5f000 rw-p 00000000 00:00 0 
7f07ccb5f000-7f07ccb63000 ---p 00000000 00:00 0 
7f07ccb63000-7f07ccc60000 rw-p 00000000 00:00 0 
7f07ccc60000-7f07ccc64000 ---p 00000000 00:00 0 
7f07ccc64000-7f07ccf61000 rw-p 00000000 00:00 0 
7f07ccf61000-7f07ccf65000 ---p 00000000 00:00 0 
7f07ccf65000-7f07cd062000 rw-p 00000000 00:00 0 
7f07cd062000-7f07cd067000 r-xp 00000000 08:07 402281                     /usr/lib/x86_64-linux-gnu/libXfixes.so.3.1.0
7f07cd067000-7f07cd266000 ---p 00005000 08:07 402281                     /usr/lib/x86_64-linux-gnu/libXfixes.so.3.1.0
7f07cd266000-7f07cd267000 r--p 00004000 08:07 402281                     /usr/lib/x86_64-linux-gnu/libXfixes.so.3.1.0
7f07cd267000-7f07cd268000 rw-p 00005000 08:07 402281                     /usr/lib/x86_64-linux-gnu/libXfixes.so.3.1.0
7f07cd268000-7f07cd271000 r-xp 00000000 08:07 402273                     /usr/lib/x86_64-linux-gnu/libXcursor.so.1.0.2
7f07cd271000-7f07cd470000 ---p 00009000 08:07 402273                     /usr/lib/x86_64-linux-gnu/libXcursor.so.1.0.2
7f07cd470000-7f07cd471000 r--p 00008000 08:07 402273                     /usr/lib/x86_64-linux-gnu/libXcursor.so.1.0.2
7f07cd471000-7f07cd472000 rw-p 00009000 08:07 402273                     /usr/lib/x86_64-linux-gnu/libXcursor.so.1.0.2
7f07cd472000-7f07cd476000 ---p 00000000 00:00 0 
7f07cd476000-7f07cd573000 rw-p 00000000 00:00 0 
7f07cd573000-7f07cd597000 r-xp 00000000 08:07 9966024                    /lib/x86_64-linux-gnu/libpng12.so.0.54.0
7f07cd597000-7f07cd796000 ---p 00024000 08:07 9966024                    /lib/x86_64-linux-gnu/libpng12.so.0.54.0
7f07cd796000-7f07cd797000 r--p 00023000 08:07 9966024                    /lib/x86_64-linux-gnu/libpng12.so.0.54.0
7f07cd797000-7f07cd798000 rw-p 00024000 08:07 9966024                    /lib/x86_64-linux-gnu/libpng12.so.0.54.0
7f07cd798000-7f07cd83c000 r-xp 00000000 08:07 402670                     /usr/lib/x86_64-linux-gnu/libfreetype.so.6.12.1
7f07cd83c000-7f07cda3b000 ---p 000a4000 08:07 402670                     /usr/lib/x86_64-linux-gnu/libfreetype.so.6.12.1
7f07cda3b000-7f07cda41000 r--p 000a3000 08:07 402670                     /usr/lib/x86_64-linux-gnu/libfreetype.so.6.12.1
7f07cda41000-7f07cda42000 rw-p 000a9000 08:07 402670                     /usr/lib/x86_64-linux-gnu/libfreetype.so.6.12.1
7f07cda42000-7f07cdb08000 r-xp 00000000 08:07 2493507                    /usr/lib/jvm/java-9-openjdk-amd64/lib/amd64/libfontmanager.so
7f07cdb08000-7f07cdd07000 ---p 000c6000 08:07 2493507                    /usr/lib/jvm/java-9-openjdk-amd64/lib/amd64/libfontmanager.so
7f07cdd07000-7f07cdd0a000 r--p 000c5000 08:07 2493507                    /usr/lib/jvm/java-9-openjdk-amd64/lib/amd64/libfontmanager.so
7f07cdd0a000-7f07cdd0b000 rw-p 000c8000 08:07 2493507                    /usr/lib/jvm/java-9-openjdk-amd64/lib/amd64/libfontmanager.so
7f07cdd0b000-7f07cdd0c000 rw-p 00000000 00:00 0 
7f07cdd0c000-7f07cdd11000 r-xp 00000000 08:07 402277                     /usr/lib/x86_64-linux-gnu/libXdmcp.so.6.0.0
7f07cdd11000-7f07cdf10000 ---p 00005000 08:07 402277                     /usr/lib/x86_64-linux-gnu/libXdmcp.so.6.0.0
7f07cdf10000-7f07cdf11000 r--p 00004000 08:07 402277                     /usr/lib/x86_64-linux-gnu/libXdmcp.so.6.0.0
7f07cdf11000-7f07cdf12000 rw-p 00005000 08:07 402277                     /usr/lib/x86_64-linux-gnu/libXdmcp.so.6.0.0
7f07cdf12000-7f07cdf14000 r-xp 00000000 08:07 402266                     /usr/lib/x86_64-linux-gnu/libXau.so.6.0.0
7f07cdf14000-7f07ce114000 ---p 00002000 08:07 402266                     /usr/lib/x86_64-linux-gnu/libXau.so.6.0.0
7f07ce114000-7f07ce115000 r--p 00002000 08:07 402266                     /usr/lib/x86_64-linux-gnu/libXau.so.6.0.0
7f07ce115000-7f07ce116000 rw-p 00003000 08:07 402266                     /usr/lib/x86_64-linux-gnu/libXau.so.6.0.0
7f07ce116000-7f07ce137000 r-xp 00000000 08:07 403685                     /usr/lib/x86_64-linux-gnu/libxcb.so.1.1.0
7f07ce137000-7f07ce336000 ---p 00021000 08:07 403685                     /usr/lib/x86_64-linux-gnu/libxcb.so.1.1.0
7f07ce336000-7f07ce337000 r--p 00020000 08:07 403685                     /usr/lib/x86_64-linux-gnu/libxcb.so.1.1.0
7f07ce337000-7f07ce338000 rw-p 00021000 08:07 403685                     /usr/lib/x86_64-linux-gnu/libxcb.so.1.1.0
7f07ce338000-7f07ce347000 r-xp 00000000 08:07 402287                     /usr/lib/x86_64-linux-gnu/libXi.so.6.1.0
7f07ce347000-7f07ce546000 ---p 0000f000 08:07 402287                     /usr/lib/x86_64-linux-gnu/libXi.so.6.1.0
7f07ce546000-7f07ce547000 r--p 0000e000 08:07 402287                     /usr/lib/x86_64-linux-gnu/libXi.so.6.1.0
7f07ce547000-7f07ce548000 rw-p 0000f000 08:07 402287                     /usr/lib/x86_64-linux-gnu/libXi.so.6.1.0
7f07ce548000-7f07ce54d000 r-xp 00000000 08:07 402305                     /usr/lib/x86_64-linux-gnu/libXtst.so.6.1.0
7f07ce54d000-7f07ce74c000 ---p 00005000 08:07 402305                     /usr/lib/x86_64-linux-gnu/libXtst.so.6.1.0
7f07ce74c000-7f07ce74d000 r--p 00004000 08:07 402305                     /usr/lib/x86_64-linux-gnu/libXtst.so.6.1.0
7f07ce74d000-7f07ce74e000 rw-p 00005000 08:07 402305                     /usr/lib/x86_64-linux-gnu/libXtst.so.6.1.0
7f07ce74e000-7f07ce757000 r-xp 00000000 08:07 402299                     /usr/lib/x86_64-linux-gnu/libXrender.so.1.3.0
7f07ce757000-7f07ce956000 ---p 00009000 08:07 402299                     /usr/lib/x86_64-linux-gnu/libXrender.so.1.3.0
7f07ce956000-7f07ce957000 r--p 00008000 08:07 402299                     /usr/lib/x86_64-linux-gnu/libXrender.so.1.3.0
7f07ce957000-7f07ce958000 rw-p 00009000 08:07 402299                     /usr/lib/x86_64-linux-gnu/libXrender.so.1.3.0
7f07ce958000-7f07cea8d000 r-xp 00000000 08:07 402264                     /usr/lib/x86_64-linux-gnu/libX11.so.6.3.0
7f07cea8d000-7f07cec8d000 ---p 00135000 08:07 402264                     /usr/lib/x86_64-linux-gnu/libX11.so.6.3.0
7f07cec8d000-7f07cec8e000 r--p 00135000 08:07 402264                     /usr/lib/x86_64-linux-gnu/libX11.so.6.3.0
7f07cec8e000-7f07cec92000 rw-p 00136000 08:07 402264                     /usr/lib/x86_64-linux-gnu/libX11.so.6.3.0
7f07cec92000-7f07ceca3000 r-xp 00000000 08:07 402279                     /usr/lib/x86_64-linux-gnu/libXext.so.6.4.0
7f07ceca3000-7f07ceea2000 ---p 00011000 08:07 402279                     /usr/lib/x86_64-linux-gnu/libXext.so.6.4.0
7f07ceea2000-7f07ceea3000 r--p 00010000 08:07 402279                     /usr/lib/x86_64-linux-gnu/libXext.so.6.4.0
7f07ceea3000-7f07ceea4000 rw-p 00011000 08:07 402279                     /usr/lib/x86_64-linux-gnu/libXext.so.6.4.0
7f07ceea4000-7f07ceefb000 r-xp 00000000 08:07 2493534                    /usr/lib/jvm/java-9-openjdk-amd64/lib/amd64/libawt_xawt.so
7f07ceefb000-7f07cf0fb000 ---p 00057000 08:07 2493534                    /usr/lib/jvm/java-9-openjdk-amd64/lib/amd64/libawt_xawt.so
7f07cf0fb000-7f07cf0fc000 r--p 00057000 08:07 2493534                    /usr/lib/jvm/java-9-openjdk-amd64/lib/amd64/libawt_xawt.so
7f07cf0fc000-7f07cf0ff000 rw-p 00058000 08:07 2493534                    /usr/lib/jvm/java-9-openjdk-amd64/lib/amd64/libawt_xawt.so
7f07cf0ff000-7f07cf100000 rw-p 00000000 00:00 0 
7f07cf100000-7f07cf1a0000 r-xp 00000000 08:07 2493506                    /usr/lib/jvm/java-9-openjdk-amd64/lib/amd64/libawt.so
7f07cf1a0000-7f07cf39f000 ---p 000a0000 08:07 2493506                    /usr/lib/jvm/java-9-openjdk-amd64/lib/amd64/libawt.so
7f07cf39f000-7f07cf3a0000 r--p 0009f000 08:07 2493506                    /usr/lib/jvm/java-9-openjdk-amd64/lib/amd64/libawt.so
7f07cf3a0000-7f07cf3ab000 rw-p 000a0000 08:07 2493506                    /usr/lib/jvm/java-9-openjdk-amd64/lib/amd64/libawt.so
7f07cf3ab000-7f07cf3d0000 rw-p 00000000 00:00 0 
7f07cf3d0000-7f07cf3d1000 ---p 00000000 00:00 0 
7f07cf3d1000-7f07cf4d1000 rw-p 00000000 00:00 0 
7f07cf4d1000-7f07cf4d5000 ---p 00000000 00:00 0 
7f07cf4d5000-7f07cf5d2000 rw-p 00000000 00:00 0 
7f07cf5d2000-7f07cf5d6000 ---p 00000000 00:00 0 
7f07cf5d6000-7f07cf9d4000 rw-p 00000000 00:00 0 
7f07cf9d4000-7f07cf9ea000 r-xp 00000000 08:07 2493508                    /usr/lib/jvm/java-9-openjdk-amd64/lib/amd64/libnet.so
7f07cf9ea000-7f07cfbe9000 ---p 00016000 08:07 2493508                    /usr/lib/jvm/java-9-openjdk-amd64/lib/amd64/libnet.so
7f07cfbe9000-7f07cfbea000 r--p 00015000 08:07 2493508                    /usr/lib/jvm/java-9-openjdk-amd64/lib/amd64/libnet.so
7f07cfbea000-7f07cfbeb000 rw-p 00016000 08:07 2493508                    /usr/lib/jvm/java-9-openjdk-amd64/lib/amd64/libnet.so
7f07cfbeb000-7f07cfbfc000 r-xp 00000000 08:07 2493535                    /usr/lib/jvm/java-9-openjdk-amd64/lib/amd64/libnio.so
7f07cfbfc000-7f07cfdfc000 ---p 00011000 08:07 2493535                    /usr/lib/jvm/java-9-openjdk-amd64/lib/amd64/libnio.so
7f07cfdfc000-7f07cfdfd000 r--p 00011000 08:07 2493535                    /usr/lib/jvm/java-9-openjdk-amd64/lib/amd64/libnio.so
7f07cfdfd000-7f07cfdfe000 rw-p 00012000 08:07 2493535                    /usr/lib/jvm/java-9-openjdk-amd64/lib/amd64/libnio.so
7f07cfdfe000-7f07cfe02000 ---p 00000000 00:00 0 
7f07cfe02000-7f07cfeff000 rw-p 00000000 00:00 0 
7f07cfeff000-7f07cff03000 ---p 00000000 00:00 0 
7f07cff03000-7f07d0000000 rw-p 00000000 00:00 0 
7f07d0000000-7f07d023c000 rw-p 00000000 00:00 0 
7f07d023c000-7f07d4000000 ---p 00000000 00:00 0 
7f07d4000000-7f07d413f000 rw-p 00000000 00:00 0 
7f07d413f000-7f07d8000000 ---p 00000000 00:00 0 
7f07d8000000-7f07d8021000 rw-p 00000000 00:00 0 
7f07d8021000-7f07dc000000 ---p 00000000 00:00 0 
7f07dc000000-7f07dc021000 rw-p 00000000 00:00 0 
7f07dc021000-7f07e0000000 ---p 00000000 00:00 0 
7f07e0000000-7f07e0021000 rw-p 00000000 00:00 0 
7f07e0021000-7f07e4000000 ---p 00000000 00:00 0 
7f07e4000000-7f07e4021000 rw-p 00000000 00:00 0 
7f07e4021000-7f07e8000000 ---p 00000000 00:00 0 
7f07e8000000-7f07e8021000 rw-p 00000000 00:00 0 
7f07e8021000-7f07ec000000 ---p 00000000 00:00 0 
7f07ec000000-7f07ec021000 rw-p 00000000 00:00 0 
7f07ec021000-7f07f0000000 ---p 00000000 00:00 0 
7f07f0000000-7f07f0021000 rw-p 00000000 00:00 0 
7f07f0021000-7f07f4000000 ---p 00000000 00:00 0 
7f07f401c000-7f07f4027000 r--s 00000000 08:07 26226252                   /var/cache/fontconfig/945677eb7aeaf62f1d50efc3fb3ec7d8-le64.cache-6
7f07f4027000-7f07f4030000 r--s 00000000 08:07 26228148                   /var/cache/fontconfig/a6d8cf8e4ec09cdbc8633c31745a07dd-le64.cache-6
7f07f4030000-7f07f4034000 ---p 00000000 00:00 0 
7f07f4034000-7f07f4131000 rw-p 00000000 00:00 0 
7f07f4131000-7f07f4135000 ---p 00000000 00:00 0 
7f07f4135000-7f07f4232000 rw-p 00000000 00:00 0 
7f07f4232000-7f07f4236000 ---p 00000000 00:00 0 
7f07f4236000-7f07f4333000 rw-p 00000000 00:00 0 
7f07f4333000-7f07f4337000 ---p 00000000 00:00 0 
7f07f4337000-7f07f4434000 rw-p 00000000 00:00 0 
7f07f4434000-7f07f470e000 r--p 00000000 08:07 401192                     /usr/lib/locale/locale-archive
7f07f470e000-7f07f4712000 ---p 00000000 00:00 0 
7f07f4712000-7f07f480f000 rw-p 00000000 00:00 0 
7f07f480f000-7f07f4813000 ---p 00000000 00:00 0 
7f07f4813000-7f07f7200000 rw-p 00000000 00:00 0 
7f07f7200000-7f07f8000000 ---p 00000000 00:00 0 
7f07f8000000-7f07f8021000 rw-p 00000000 00:00 0 
7f07f8021000-7f07fc000000 ---p 00000000 00:00 0 
7f07fc000000-7f07fc021000 rw-p 00000000 00:00 0 
7f07fc021000-7f0800000000 ---p 00000000 00:00 0 
7f0800000000-7f0800021000 rw-p 00000000 00:00 0 
7f0800021000-7f0804000000 ---p 00000000 00:00 0 
7f0804000000-7f0804021000 rw-p 00000000 00:00 0 
7f0804021000-7f0808000000 ---p 00000000 00:00 0 
7f0808000000-7f0808021000 rw-p 00000000 00:00 0 
7f0808021000-7f080c000000 ---p 00000000 00:00 0 
7f080c000000-7f080c021000 rw-p 00000000 00:00 0 
7f080c021000-7f0810000000 ---p 00000000 00:00 0 
7f0810000000-7f0810021000 rw-p 00000000 00:00 0 
7f0810021000-7f0814000000 ---p 00000000 00:00 0 
7f0814000000-7f0814021000 rw-p 00000000 00:00 0 
7f0814021000-7f0818000000 ---p 00000000 00:00 0 
7f0818000000-7f0818021000 rw-p 00000000 00:00 0 
7f0818021000-7f081c000000 ---p 00000000 00:00 0 
7f081c002000-7f081c004000 r--s 00000000 08:07 26228149                   /var/cache/fontconfig/99e8ed0e538f840c565b6ed5dad60d56-le64.cache-6
7f081c004000-7f081c00a000 r--s 00000000 08:07 26226255                   /var/cache/fontconfig/2cd17615ca594fa2959ae173292e504c-le64.cache-6
7f081c00a000-7f081c00b000 r--s 00000000 08:07 26226254                   /var/cache/fontconfig/0d8c3b2ac0904cb8a57a757ad11a4a08-le64.cache-6
7f081c00b000-7f081c020000 r--s 00000000 08:07 26226253                   /var/cache/fontconfig/04aabc0a78ac019cf9454389977116d2-le64.cache-6
7f081c020000-7f081c021000 r--s 00000000 08:07 26226251                   /var/cache/fontconfig/1ac9eb803944fde146138c791f5cc56a-le64.cache-6
7f081c021000-7f081c025000 r--s 00000000 08:07 26226250                   /var/cache/fontconfig/385c0604a188198f04d133e54aba7fe7-le64.cache-6
7f081c025000-7f081c026000 r--s 00000000 08:07 26226249                   /var/cache/fontconfig/dc05db6664285cc2f12bf69c139ae4c3-le64.cache-6
7f081c026000-7f081c029000 r--s 00000000 08:07 26226248                   /var/cache/fontconfig/767a8244fc0220cfb567a839d0392e0b-le64.cache-6
7f081c029000-7f081c02b000 r--s 00000000 08:07 26226247                   /var/cache/fontconfig/69fb4bbe1b2fa860e172a32ebf28505c-le64.cache-6
7f081c02b000-7f081c06b000 r--s 00000000 08:07 26226245                   /var/cache/fontconfig/0bd3dc0958fa2205aaaa8ebb13e2872b-le64.cache-6
7f081c06b000-7f081c070000 r--s 00000000 08:07 26226244                   /var/cache/fontconfig/8801497958630a81b71ace7c5f9b32a8-le64.cache-6
7f081c070000-7f081c0ab000 r--s 00000000 08:07 26214896                   /var/cache/fontconfig/365b55f210c0a22e9a19e35191240f32-le64.cache-6
7f081c0ab000-7f081c0b2000 r--s 00000000 08:07 26226241                   /var/cache/fontconfig/3047814df9a2f067bd2d96a2b9c36e5a-le64.cache-6
7f081c0b2000-7f081c0ba000 r--s 00000000 08:07 26226239                   /var/cache/fontconfig/bf3b770c553c462765856025a94f1ce6-le64.cache-6
7f081c0ba000-7f081c0c0000 r--s 00000000 08:07 26226216                   /var/cache/fontconfig/b47c4e1ecd0709278f4910c18777a504-le64.cache-6
7f081c0c0000-7f081c0d3000 r--s 00000000 08:07 26226215                   /var/cache/fontconfig/d52a8644073d54c13679302ca1180695-le64.cache-6
7f081c0d3000-7f081c0de000 r--s 00000000 08:07 26226211                   /var/cache/fontconfig/d589a48862398ed80a3d6066f4f56f4c-le64.cache-6
7f081c0de000-7f081c0f0000 r--s 00000000 08:07 26214728                   /var/cache/fontconfig/9b89f8e3dae116d678bbf48e5f21f69b-le64.cache-6
7f081c0f0000-7f081c0f1000 ---p 00000000 00:00 0 
7f081c0f1000-7f081c6c6000 rw-p 00000000 00:00 0 
7f081c6c6000-7f081c6c7000 ---p 00000000 00:00 0 
7f081c6c7000-7f081c8b7000 rw-p 00000000 00:00 0 
7f081c8b7000-7f081d6b7000 ---p 00000000 00:00 0 
7f081d6b7000-7f081d6d5000 rw-p 00000000 00:00 0 
7f081d6d5000-7f081d895000 ---p 00000000 00:00 0 
7f081d895000-7f081d8b3000 rw-p 00000000 00:00 0 
7f081d8b3000-7f081dc51000 ---p 00000000 00:00 0 
7f081dc51000-7f081dec1000 rwxp 00000000 00:00 0 
7f081dec1000-7f081e1e1000 ---p 00000000 00:00 0 
7f081e1e1000-7f081e451000 rwxp 00000000 00:00 0 
7f081e451000-7f0825719000 ---p 00000000 00:00 0 
7f0825719000-7f0825989000 rwxp 00000000 00:00 0 
7f0825989000-7f082cc51000 ---p 00000000 00:00 0 
7f082cc51000-7f0834000000 r--s 00000000 08:07 2493492                    /usr/lib/jvm/java-9-openjdk-amd64/lib/modules
7f0834000000-7f083441e000 rw-p 00000000 00:00 0 
7f083441e000-7f0838000000 ---p 00000000 00:00 0 
7f0838000000-7f0838008000 r--s 00000000 08:07 26226976                   /var/cache/fontconfig/52f7bdb7ce746bfd7eaa1985bd9cfa93-le64.cache-6
7f0838008000-7f0838029000 r--p 00000000 08:07 1050952                    /usr/share/locale-langpack/pt_BR/LC_MESSAGES/libc.mo
7f0838029000-7f08380a1000 rw-p 00000000 00:00 0 
7f08380a1000-7f08380a2000 ---p 00000000 00:00 0 
7f08380a2000-7f08381c0000 rw-p 00000000 00:00 0 
7f08381c0000-7f0838380000 ---p 00000000 00:00 0 
7f0838380000-7f0838381000 ---p 00000000 00:00 0 
7f0838381000-7f0838481000 rw-p 00000000 00:00 0 
7f0838481000-7f0838482000 ---p 00000000 00:00 0 
7f0838482000-7f0838582000 rw-p 00000000 00:00 0 
7f0838582000-7f0838583000 ---p 00000000 00:00 0 
7f0838583000-7f0838683000 rw-p 00000000 00:00 0 
7f0838683000-7f0838684000 ---p 00000000 00:00 0 
7f0838684000-7f0838784000 rw-p 00000000 00:00 0 
7f0838784000-7f0838785000 ---p 00000000 00:00 0 
7f0838785000-7f0838c89000 rw-p 00000000 00:00 0 
7f0838c89000-7f0838c8a000 ---p 00000000 00:00 0 
7f0838c8a000-7f0838d8a000 rw-p 00000000 00:00 0 
7f0838d8a000-7f0838d8b000 ---p 00000000 00:00 0 
7f0838d8b000-7f0838e8b000 rw-p 00000000 00:00 0 
7f0838e8b000-7f0838e8c000 ---p 00000000 00:00 0 
7f0838e8c000-7f0838f8c000 rw-p 00000000 00:00 0 
7f0838f8c000-7f0838f8d000 ---p 00000000 00:00 0 
7f0838f8d000-7f0839092000 rw-p 00000000 00:00 0 
7f0839092000-7f0839178000 ---p 00000000 00:00 0 
7f0839178000-7f083917d000 rw-p 00000000 00:00 0 
7f083917d000-7f0839263000 ---p 00000000 00:00 0 
7f0839263000-7f0839268000 r-xp 00000000 08:07 2493522                    /usr/lib/jvm/java-9-openjdk-amd64/lib/amd64/libjimage.so
7f0839268000-7f0839467000 ---p 00005000 08:07 2493522                    /usr/lib/jvm/java-9-openjdk-amd64/lib/amd64/libjimage.so
7f0839467000-7f0839468000 r--p 00004000 08:07 2493522                    /usr/lib/jvm/java-9-openjdk-amd64/lib/amd64/libjimage.so
7f0839468000-7f0839469000 rw-p 00005000 08:07 2493522                    /usr/lib/jvm/java-9-openjdk-amd64/lib/amd64/libjimage.so
7f0839469000-7f0839470000 r-xp 00000000 08:07 2493518                    /usr/lib/jvm/java-9-openjdk-amd64/lib/amd64/libzip.so
7f0839470000-7f083966f000 ---p 00007000 08:07 2493518                    /usr/lib/jvm/java-9-openjdk-amd64/lib/amd64/libzip.so
7f083966f000-7f0839670000 r--p 00006000 08:07 2493518                    /usr/lib/jvm/java-9-openjdk-amd64/lib/amd64/libzip.so
7f0839670000-7f0839671000 rw-p 00007000 08:07 2493518                    /usr/lib/jvm/java-9-openjdk-amd64/lib/amd64/libzip.so
7f0839671000-7f083967c000 r-xp 00000000 08:07 9966575                    /lib/x86_64-linux-gnu/libnss_files-2.23.so
7f083967c000-7f083987b000 ---p 0000b000 08:07 9966575                    /lib/x86_64-linux-gnu/libnss_files-2.23.so
7f083987b000-7f083987c000 r--p 0000a000 08:07 9966575                    /lib/x86_64-linux-gnu/libnss_files-2.23.so
7f083987c000-7f083987d000 rw-p 0000b000 08:07 9966575                    /lib/x86_64-linux-gnu/libnss_files-2.23.so
7f083987d000-7f0839883000 rw-p 00000000 00:00 0 
7f0839883000-7f083988e000 r-xp 00000000 08:07 9965905                    /lib/x86_64-linux-gnu/libnss_nis-2.23.so
7f083988e000-7f0839a8d000 ---p 0000b000 08:07 9965905                    /lib/x86_64-linux-gnu/libnss_nis-2.23.so
7f0839a8d000-7f0839a8e000 r--p 0000a000 08:07 9965905                    /lib/x86_64-linux-gnu/libnss_nis-2.23.so
7f0839a8e000-7f0839a8f000 rw-p 0000b000 08:07 9965905                    /lib/x86_64-linux-gnu/libnss_nis-2.23.so
7f0839a8f000-7f0839aa5000 r-xp 00000000 08:07 9966571                    /lib/x86_64-linux-gnu/libnsl-2.23.so
7f0839aa5000-7f0839ca4000 ---p 00016000 08:07 9966571                    /lib/x86_64-linux-gnu/libnsl-2.23.so
7f0839ca4000-7f0839ca5000 r--p 00015000 08:07 9966571                    /lib/x86_64-linux-gnu/libnsl-2.23.so
7f0839ca5000-7f0839ca6000 rw-p 00016000 08:07 9966571                    /lib/x86_64-linux-gnu/libnsl-2.23.so
7f0839ca6000-7f0839ca8000 rw-p 00000000 00:00 0 
7f0839ca8000-7f0839cb0000 r-xp 00000000 08:07 9966572                    /lib/x86_64-linux-gnu/libnss_compat-2.23.so
7f0839cb0000-7f0839eaf000 ---p 00008000 08:07 9966572                    /lib/x86_64-linux-gnu/libnss_compat-2.23.so
7f0839eaf000-7f0839eb0000 r--p 00007000 08:07 9966572                    /lib/x86_64-linux-gnu/libnss_compat-2.23.so
7f0839eb0000-7f0839eb1000 rw-p 00008000 08:07 9966572                    /lib/x86_64-linux-gnu/libnss_compat-2.23.so
7f0839eb1000-7f0839edc000 r-xp 00000000 08:07 2493501                    /usr/lib/jvm/java-9-openjdk-amd64/lib/amd64/libjava.so
7f0839edc000-7f083a0db000 ---p 0002b000 08:07 2493501                    /usr/lib/jvm/java-9-openjdk-amd64/lib/amd64/libjava.so
7f083a0db000-7f083a0dc000 r--p 0002a000 08:07 2493501                    /usr/lib/jvm/java-9-openjdk-amd64/lib/amd64/libjava.so
7f083a0dc000-7f083a0de000 rw-p 0002b000 08:07 2493501                    /usr/lib/jvm/java-9-openjdk-amd64/lib/amd64/libjava.so
7f083a0de000-7f083a0eb000 r-xp 00000000 08:07 2493502                    /usr/lib/jvm/java-9-openjdk-amd64/lib/amd64/libverify.so
7f083a0eb000-7f083a2ea000 ---p 0000d000 08:07 2493502                    /usr/lib/jvm/java-9-openjdk-amd64/lib/amd64/libverify.so
7f083a2ea000-7f083a2ec000 r--p 0000c000 08:07 2493502                    /usr/lib/jvm/java-9-openjdk-amd64/lib/amd64/libverify.so
7f083a2ec000-7f083a2ed000 rw-p 0000e000 08:07 2493502                    /usr/lib/jvm/java-9-openjdk-amd64/lib/amd64/libverify.so
7f083a2ed000-7f083a2f4000 r-xp 00000000 08:07 9965904                    /lib/x86_64-linux-gnu/librt-2.23.so
7f083a2f4000-7f083a4f3000 ---p 00007000 08:07 9965904                    /lib/x86_64-linux-gnu/librt-2.23.so
7f083a4f3000-7f083a4f4000 r--p 00006000 08:07 9965904                    /lib/x86_64-linux-gnu/librt-2.23.so
7f083a4f4000-7f083a4f5000 rw-p 00007000 08:07 9965904                    /lib/x86_64-linux-gnu/librt-2.23.so
7f083a4f5000-7f083a50b000 r-xp 00000000 08:07 9965923                    /lib/x86_64-linux-gnu/libgcc_s.so.1
7f083a50b000-7f083a70a000 ---p 00016000 08:07 9965923                    /lib/x86_64-linux-gnu/libgcc_s.so.1
7f083a70a000-7f083a70b000 rw-p 00015000 08:07 9965923                    /lib/x86_64-linux-gnu/libgcc_s.so.1
7f083a70b000-7f083a813000 r-xp 00000000 08:07 9966569                    /lib/x86_64-linux-gnu/libm-2.23.so
7f083a813000-7f083aa12000 ---p 00108000 08:07 9966569                    /lib/x86_64-linux-gnu/libm-2.23.so
7f083aa12000-7f083aa13000 r--p 00107000 08:07 9966569                    /lib/x86_64-linux-gnu/libm-2.23.so
7f083aa13000-7f083aa14000 rw-p 00108000 08:07 9966569                    /lib/x86_64-linux-gnu/libm-2.23.so
7f083aa14000-7f083ab86000 r-xp 00000000 08:07 393445                     /usr/lib/x86_64-linux-gnu/libstdc++.so.6.0.21
7f083ab86000-7f083ad86000 ---p 00172000 08:07 393445                     /usr/lib/x86_64-linux-gnu/libstdc++.so.6.0.21
7f083ad86000-7f083ad90000 r--p 00172000 08:07 393445                     /usr/lib/x86_64-linux-gnu/libstdc++.so.6.0.21
7f083ad90000-7f083ad92000 rw-p 0017c000 08:07 393445                     /usr/lib/x86_64-linux-gnu/libstdc++.so.6.0.21
7f083ad92000-7f083ad96000 rw-p 00000000 00:00 0 
7f083ad96000-7f083bbf4000 r-xp 00000000 08:07 2493515                    /usr/lib/jvm/java-9-openjdk-amd64/lib/amd64/server/libjvm.so
7f083bbf4000-7f083bdf4000 ---p 00e5e000 08:07 2493515                    /usr/lib/jvm/java-9-openjdk-amd64/lib/amd64/server/libjvm.so
7f083bdf4000-7f083bea6000 r--p 00e5e000 08:07 2493515                    /usr/lib/jvm/java-9-openjdk-amd64/lib/amd64/server/libjvm.so
7f083bea6000-7f083bed8000 rw-p 00f10000 08:07 2493515                    /usr/lib/jvm/java-9-openjdk-amd64/lib/amd64/server/libjvm.so
7f083bed8000-7f083bf1d000 rw-p 00000000 00:00 0 
7f083bf1d000-7f083bf35000 r-xp 00000000 08:07 9966570                    /lib/x86_64-linux-gnu/libpthread-2.23.so
7f083bf35000-7f083c134000 ---p 00018000 08:07 9966570                    /lib/x86_64-linux-gnu/libpthread-2.23.so
7f083c134000-7f083c135000 r--p 00017000 08:07 9966570                    /lib/x86_64-linux-gnu/libpthread-2.23.so
7f083c135000-7f083c136000 rw-p 00018000 08:07 9966570                    /lib/x86_64-linux-gnu/libpthread-2.23.so
7f083c136000-7f083c13a000 rw-p 00000000 00:00 0 
7f083c13a000-7f083c13d000 r-xp 00000000 08:07 9965930                    /lib/x86_64-linux-gnu/libdl-2.23.so
7f083c13d000-7f083c33c000 ---p 00003000 08:07 9965930                    /lib/x86_64-linux-gnu/libdl-2.23.so
7f083c33c000-7f083c33d000 r--p 00002000 08:07 9965930                    /lib/x86_64-linux-gnu/libdl-2.23.so
7f083c33d000-7f083c33e000 rw-p 00003000 08:07 9965930                    /lib/x86_64-linux-gnu/libdl-2.23.so
7f083c33e000-7f083c357000 r-xp 00000000 08:07 9966074                    /lib/x86_64-linux-gnu/libz.so.1.2.8
7f083c357000-7f083c556000 ---p 00019000 08:07 9966074                    /lib/x86_64-linux-gnu/libz.so.1.2.8
7f083c556000-7f083c557000 r--p 00018000 08:07 9966074                    /lib/x86_64-linux-gnu/libz.so.1.2.8
7f083c557000-7f083c558000 rw-p 00019000 08:07 9966074                    /lib/x86_64-linux-gnu/libz.so.1.2.8
7f083c558000-7f083c717000 r-xp 00000000 08:07 9965931                    /lib/x86_64-linux-gnu/libc-2.23.so
7f083c717000-7f083c917000 ---p 001bf000 08:07 9965931                    /lib/x86_64-linux-gnu/libc-2.23.so
7f083c917000-7f083c91b000 r--p 001bf000 08:07 9965931                    /lib/x86_64-linux-gnu/libc-2.23.so
7f083c91b000-7f083c91d000 rw-p 001c3000 08:07 9965931                    /lib/x86_64-linux-gnu/libc-2.23.so
7f083c91d000-7f083c921000 rw-p 00000000 00:00 0 
7f083c921000-7f083c92f000 r-xp 00000000 08:07 2493532                    /usr/lib/jvm/java-9-openjdk-amd64/lib/amd64/jli/libjli.so
7f083c92f000-7f083cb2e000 ---p 0000e000 08:07 2493532                    /usr/lib/jvm/java-9-openjdk-amd64/lib/amd64/jli/libjli.so
7f083cb2e000-7f083cb2f000 r--p 0000d000 08:07 2493532                    /usr/lib/jvm/java-9-openjdk-amd64/lib/amd64/jli/libjli.so
7f083cb2f000-7f083cb30000 rw-p 0000e000 08:07 2493532                    /usr/lib/jvm/java-9-openjdk-amd64/lib/amd64/jli/libjli.so
7f083cb30000-7f083cb56000 r-xp 00000000 08:07 9961486                    /lib/x86_64-linux-gnu/ld-2.23.so
7f083cb56000-7f083cb57000 r--s 00000000 08:07 26226246                   /var/cache/fontconfig/4794a0821666d79190d59a36cb4f44b5-le64.cache-6
7f083cb57000-7f083cb58000 r--s 00000000 08:07 26226242                   /var/cache/fontconfig/bab58bb527bb656aaa9f116d68a48d89-le64.cache-6
7f083cb58000-7f083cb59000 r--s 00000000 08:07 26226238                   /var/cache/fontconfig/56cf4f4769d0f4abc89a4895d7bd3ae1-le64.cache-6
7f083cb59000-7f083cb5a000 r--s 00000000 08:07 26226236                   /var/cache/fontconfig/b9d506c9ac06c20b433354fa67a72993-le64.cache-6
7f083cb5a000-7f083cb5b000 r--s 00000000 08:07 26226212                   /var/cache/fontconfig/551ecf3b0e8b0bca0f25c0944f561853-le64.cache-6
7f083cb5b000-7f083cb5c000 r--s 00000000 08:07 26226204                   /var/cache/fontconfig/30829fa25452a46451e813d634d7f916-le64.cache-6
7f083cb5c000-7f083cb67000 r--s 00000000 08:07 26226196                   /var/cache/fontconfig/83bf95040141907cd45bb53cf7c1c148-le64.cache-6
7f083cb67000-7f083cb74000 r--s 00000000 08:07 26228146                   /var/cache/fontconfig/e13b20fdb08344e0e664864cc2ede53d-le64.cache-6
7f083cb74000-7f083cc28000 rw-p 00000000 00:00 0 
7f083cc28000-7f083cc2c000 ---p 00000000 00:00 0 
7f083cc2c000-7f083cd2e000 rw-p 00000000 00:00 0 
7f083cd2e000-7f083cd2f000 r--s 00000000 08:07 26226193                   /var/cache/fontconfig/0c9eb80ebd1c36541ebe2852d3bb0c49-le64.cache-6
7f083cd2f000-7f083cd32000 r--s 00000000 08:07 26226199                   /var/cache/fontconfig/75114ca45c98e8a441da0ff356701271-le64.cache-6
7f083cd32000-7f083cd36000 r--s 00000000 08:07 26214746                   /var/cache/fontconfig/7ef2298fde41cc6eeb7af42e48b7d293-le64.cache-6
7f083cd36000-7f083cd3d000 r--s 00000000 08:07 659961                     /usr/lib/x86_64-linux-gnu/gconv/gconv-modules.cache
7f083cd3d000-7f083cd42000 rw-p 00000000 00:00 0 
7f083cd42000-7f083cd49000 ---p 00000000 00:00 0 
7f083cd49000-7f083cd51000 rw-s 00000000 08:07 8388972                    /tmp/hsperfdata_thiagofelix/2719
7f083cd51000-7f083cd52000 rw-p 00000000 00:00 0 
7f083cd52000-7f083cd53000 r--p 00000000 00:00 0 
7f083cd53000-7f083cd55000 rw-p 00000000 00:00 0 
7f083cd55000-7f083cd56000 r--p 00025000 08:07 9961486                    /lib/x86_64-linux-gnu/ld-2.23.so
7f083cd56000-7f083cd57000 rw-p 00026000 08:07 9961486                    /lib/x86_64-linux-gnu/ld-2.23.so
7f083cd57000-7f083cd58000 rw-p 00000000 00:00 0 
7ffd3afce000-7ffd3afef000 rw-p 00000000 00:00 0                          [stack]
7ffd3affc000-7ffd3affe000 r--p 00000000 00:00 0                          [vvar]
7ffd3affe000-7ffd3b000000 r-xp 00000000 00:00 0                          [vdso]
ffffffffff600000-ffffffffff601000 r-xp 00000000 00:00 0                  [vsyscall]

VM Arguments:
java_command: projectBiblioteca.jar
java_class_path (initial): projectBiblioteca.jar
Launcher Type: SUN_STANDARD

Environment Variables:
PATH=/home/thiagofelix/bin:/home/thiagofelix/.local/bin:/usr/local/sbin:/usr/local/bin:/usr/sbin:/usr/bin:/sbin:/bin:/usr/games:/usr/local/games:/usr/local/android-studio/bins:/snap/bin
SHELL=/bin/bash
DISPLAY=:0

Signal Handlers:
SIGSEGV: [libjvm.so+0xc12c20], sa_mask[0]=11111111011111111101111111111110, sa_flags=SA_RESTART|SA_SIGINFO
SIGBUS: [libjvm.so+0xc12c20], sa_mask[0]=11111111011111111101111111111110, sa_flags=SA_RESTART|SA_SIGINFO
SIGFPE: [libjvm.so+0xc12c20], sa_mask[0]=11111111011111111101111111111110, sa_flags=SA_RESTART|SA_SIGINFO
SIGPIPE: [libjvm.so+0xa3b600], sa_mask[0]=11111111011111111101111111111110, sa_flags=SA_RESTART|SA_SIGINFO
SIGXFSZ: [libjvm.so+0xa3b600], sa_mask[0]=11111111011111111101111111111110, sa_flags=SA_RESTART|SA_SIGINFO
SIGILL: [libjvm.so+0xc12c20], sa_mask[0]=11111111011111111101111111111110, sa_flags=SA_RESTART|SA_SIGINFO
SIGUSR2: [libjvm.so+0xa3b4a0], sa_mask[0]=00000000000000000000000000000000, sa_flags=SA_RESTART|SA_SIGINFO
SIGHUP: [libjvm.so+0xa3b870], sa_mask[0]=11111111011111111101111111111110, sa_flags=SA_RESTART|SA_SIGINFO
SIGINT: [libjvm.so+0xa3b870], sa_mask[0]=11111111011111111101111111111110, sa_flags=SA_RESTART|SA_SIGINFO
SIGTERM: [libjvm.so+0xa3b870], sa_mask[0]=11111111011111111101111111111110, sa_flags=SA_RESTART|SA_SIGINFO
SIGQUIT: [libjvm.so+0xa3b870], sa_mask[0]=11111111011111111101111111111110, sa_flags=SA_RESTART|SA_SIGINFO


---------------  S Y S T E M  ---------------

OS:DISTRIB_ID=Ubuntu
DISTRIB_RELEASE=16.04
DISTRIB_CODENAME=xenial
DISTRIB_DESCRIPTION="Ubuntu 16.04.1 LTS"
uname:Linux 4.4.0-57-generic #78-Ubuntu SMP Fri Dec 9 23:50:32 UTC 2016 x86_64
libc:glibc 2.23 NPTL 2.23 
rlimit: STACK 8192k, CORE 0k, NPROC 15114, NOFILE 65536, AS infinity
load average:1,21 1,49 0,91

/proc/meminfo:
MemTotal:        3909724 kB
MemFree:          192200 kB
MemAvailable:    1258420 kB
Buffers:           80724 kB
Cached:          1445168 kB
SwapCached:            0 kB
Active:          2395032 kB
Inactive:        1062924 kB
Active(anon):    1933868 kB
Inactive(anon):   297164 kB
Active(file):     461164 kB
Inactive(file):   765760 kB
Unevictable:          32 kB
Mlocked:              32 kB
SwapTotal:       4895740 kB
SwapFree:        4895740 kB
Dirty:              4652 kB
Writeback:             0 kB
AnonPages:       1934348 kB
Mapped:           805532 kB
Shmem:            298788 kB
Slab:             139020 kB
SReclaimable:      94480 kB
SUnreclaim:        44540 kB
KernelStack:       11152 kB
PageTables:        58848 kB
NFS_Unstable:          0 kB
Bounce:                0 kB
WritebackTmp:          0 kB
CommitLimit:     6850600 kB
Committed_AS:    7790904 kB
VmallocTotal:   34359738367 kB
VmallocUsed:           0 kB
VmallocChunk:          0 kB
HardwareCorrupted:     0 kB
AnonHugePages:    200704 kB
CmaTotal:              0 kB
CmaFree:               0 kB
HugePages_Total:       0
HugePages_Free:        0
HugePages_Rsvd:        0
HugePages_Surp:        0
Hugepagesize:       2048 kB
DirectMap4k:      156748 kB
DirectMap2M:     3901440 kB
DirectMap1G:           0 kB


CPU:total 4 (2 cores per cpu, 2 threads per core) family 6 model 78 stepping 3, cmov, cx8, fxsr, mmx, sse, sse2, sse3, ssse3, sse4.1, sse4.2, popcnt, avx, avx2, aes, clmul, erms, rtm, 3dnowpref, lzcnt, ht, tsc, tscinvbit, bmi1, bmi2, adx

CPU Model and flags from /proc/cpuinfo:
model name	: Intel(R) Core(TM) i3-6100U CPU @ 2.30GHz
flags		: fpu vme de pse tsc msr pae mce cx8 apic sep mtrr pge mca cmov pat pse36 clflush dts acpi mmx fxsr sse sse2 ss ht tm pbe syscall nx pdpe1gb rdtscp lm constant_tsc art arch_perfmon pebs bts rep_good nopl xtopology nonstop_tsc aperfmperf eagerfpu pni pclmulqdq dtes64 monitor ds_cpl vmx est tm2 ssse3 sdbg fma cx16 xtpr pdcm pcid sse4_1 sse4_2 x2apic movbe popcnt tsc_deadline_timer aes xsave avx f16c rdrand lahf_lm abm 3dnowprefetch epb intel_pt tpr_shadow vnmi flexpriority ept vpid fsgsbase tsc_adjust bmi1 hle avx2 smep bmi2 erms invpcid rtm mpx rdseed adx smap clflushopt xsaveopt xsavec xgetbv1 dtherm ida arat pln pts hwp hwp_notify hwp_act_window hwp_epp

Memory: 4k page, physical 3909724k(192200k free), swap 4895740k(4895740k free)

vm_info: OpenJDK 64-Bit Server VM (9-internal+0-2016-04-14-195246.buildd.src) for linux-amd64 JRE (9-internal+0-2016-04-14-195246.buildd.src), built on Apr 14 2016 20:05:37 by "buildd" with gcc 5.3.1 20160413

END.
