#
# A fatal error has been detected by the Java Runtime Environment:
#
#  SIGSEGV (0xb) at pc=0x00007f8c7a7a3009, pid=2583, tid=2615
#
# JRE version: OpenJDK Runtime Environment (9.0) (build 9-internal+0-2016-04-14-195246.buildd.src)
# Java VM: OpenJDK 64-Bit Server VM (9-internal+0-2016-04-14-195246.buildd.src, mixed mode, tiered, compressed oops, g1 gc, linux-amd64)
# Problematic frame:
# C  [libjava.so+0x1d009]  JNU_GetEnv+0x19
#
# Core dump will be written. Default location: Core dumps may be processed with "/usr/share/apport/apport %p %s %c %P" (or dumping to /home/thiagofelix/Documentos/Projetos/projectBiblioteca/core.2583)
#
# If you would like to submit a bug report, please visit:
#   http://bugreport.java.com/bugreport/crash.jsp
# The crash happened outside the Java Virtual Machine in native code.
# See problematic frame for where to report the bug.
#

---------------  S U M M A R Y ------------

Command Line: /home/thiagofelix/Documentos/Projetos/projectBiblioteca/projectBiblioteca.jar

Host: Intel(R) Core(TM) i3-6100U CPU @ 2.30GHz, 4 cores, 3G, Ubuntu 16.04.1 LTS
Time: Fri Feb  3 07:14:15 2017 BRST elapsed time: 8 seconds (0d 0h 0m 8s)

---------------  T H R E A D  ---------------

Current thread (0x00007f8c74380000):  JavaThread "AWT-EventQueue-0" [_thread_in_native, id=2615, stack(0x00007f8c052e1000,0x00007f8c053e2000)]

Stack: [0x00007f8c052e1000,0x00007f8c053e2000],  sp=0x00007f8c053db5b0,  free space=1001k
Native frames: (J=compiled Java code, j=interpreted, Vv=VM code, C=native code)
C  [libjava.so+0x1d009]  JNU_GetEnv+0x19
C  [libfontmanager.so+0x33f8e]
C  [libfreetype.so.6+0x14d1b]  FT_Stream_Seek+0x1b

Java frames: (J=compiled Java code, j=interpreted, Vv=VM code)
j  sun.font.FreetypeFontScaler.initNativeScaler(Lsun/font/Font2D;IIZI)J+0 java.desktop@9-internal
j  sun.font.FreetypeFontScaler.<init>(Lsun/font/Font2D;IZI)V+26 java.desktop@9-internal
v  ~StubRoutines::call_stub
j  sun.reflect.NativeConstructorAccessorImpl.newInstance0(Ljava/lang/reflect/Constructor;[Ljava/lang/Object;)Ljava/lang/Object;+0 java.base@9-internal
j  sun.reflect.NativeConstructorAccessorImpl.newInstance([Ljava/lang/Object;)Ljava/lang/Object;+85 java.base@9-internal
j  sun.reflect.DelegatingConstructorAccessorImpl.newInstance([Ljava/lang/Object;)Ljava/lang/Object;+5 java.base@9-internal
j  java.lang.reflect.Constructor.newInstance([Ljava/lang/Object;)Ljava/lang/Object;+65 java.base@9-internal
j  sun.font.FontScaler.getScaler(Lsun/font/Font2D;IZI)Lsun/font/FontScaler;+39 java.desktop@9-internal
j  sun.font.TrueTypeFont.getScaler()Lsun/font/FontScaler;+21 java.desktop@9-internal
j  sun.font.FileFontStrike.<init>(Lsun/font/FileFont;Lsun/font/FontStrikeDesc;)V+204 java.desktop@9-internal
j  sun.font.FileFont.createStrike(Lsun/font/FontStrikeDesc;)Lsun/font/FontStrike;+18 java.desktop@9-internal
j  sun.font.Font2D.getStrike(Lsun/font/FontStrikeDesc;Z)Lsun/font/FontStrike;+92 java.desktop@9-internal
j  sun.font.Font2D.getStrike(Lsun/font/FontStrikeDesc;)Lsun/font/FontStrike;+3 java.desktop@9-internal
j  sun.font.CompositeStrike.getStrikeForSlot(I)Lsun/font/PhysicalStrike;+23 java.desktop@9-internal
j  sun.font.CompositeStrike.getFontMetrics()Lsun/font/StrikeMetrics;+31 java.desktop@9-internal
j  sun.font.FontDesignMetrics.initMatrixAndMetrics()V+28 java.desktop@9-internal
j  sun.font.FontDesignMetrics.<init>(Ljava/awt/Font;Ljava/awt/font/FontRenderContext;)V+62 java.desktop@9-internal
j  sun.font.FontDesignMetrics.getMetrics(Ljava/awt/Font;Ljava/awt/font/FontRenderContext;)Lsun/font/FontDesignMetrics;+128 java.desktop@9-internal
j  sun.swing.SwingUtilities2.getFontMetrics(Ljavax/swing/JComponent;Ljava/awt/Font;)Ljava/awt/FontMetrics;+15 java.desktop@9-internal
j  javax.swing.JComponent.getFontMetrics(Ljava/awt/Font;)Ljava/awt/FontMetrics;+2 java.desktop@9-internal
j  sun.swing.SwingUtilities2.getFontMetrics(Ljavax/swing/JComponent;Ljava/awt/Graphics;Ljava/awt/Font;)Ljava/awt/FontMetrics;+6 java.desktop@9-internal
j  sun.swing.SwingUtilities2.getFontMetrics(Ljavax/swing/JComponent;Ljava/awt/Graphics;)Ljava/awt/FontMetrics;+6 java.desktop@9-internal
j  javax.swing.plaf.basic.BasicLabelUI.paint(Ljava/awt/Graphics;Ljavax/swing/JComponent;)V+44 java.desktop@9-internal
j  javax.swing.plaf.ComponentUI.update(Ljava/awt/Graphics;Ljavax/swing/JComponent;)V+32 java.desktop@9-internal
j  javax.swing.JComponent.paintComponent(Ljava/awt/Graphics;)V+26 java.desktop@9-internal
j  javax.swing.JComponent.paint(Ljava/awt/Graphics;)V+286 java.desktop@9-internal
j  javax.swing.JComponent.paintChildren(Ljava/awt/Graphics;)V+501 java.desktop@9-internal
j  javax.swing.JComponent.paint(Ljava/awt/Graphics;)V+318 java.desktop@9-internal
j  javax.swing.JComponent.paintChildren(Ljava/awt/Graphics;)V+501 java.desktop@9-internal
j  javax.swing.JComponent.paint(Ljava/awt/Graphics;)V+318 java.desktop@9-internal
j  javax.swing.JLayeredPane.paint(Ljava/awt/Graphics;)V+73 java.desktop@9-internal
j  javax.swing.JComponent.paintChildren(Ljava/awt/Graphics;)V+501 java.desktop@9-internal
j  javax.swing.JComponent.paintToOffscreen(Ljava/awt/Graphics;IIIIII)V+72 java.desktop@9-internal
j  javax.swing.BufferStrategyPaintManager.paint(Ljavax/swing/JComponent;Ljavax/swing/JComponent;Ljava/awt/Graphics;IIII)Z+164 java.desktop@9-internal
j  javax.swing.RepaintManager.paint(Ljavax/swing/JComponent;Ljavax/swing/JComponent;Ljava/awt/Graphics;IIII)V+51 java.desktop@9-internal
j  javax.swing.JComponent.paint(Ljava/awt/Graphics;)V+221 java.desktop@9-internal
j  java.awt.GraphicsCallback$PaintCallback.run(Ljava/awt/Component;Ljava/awt/Graphics;)V+2 java.desktop@9-internal
j  sun.awt.SunGraphicsCallback.runOneComponent(Ljava/awt/Component;Ljava/awt/Rectangle;Ljava/awt/Graphics;Ljava/awt/Shape;I)V+155 java.desktop@9-internal
j  sun.awt.SunGraphicsCallback.runComponents([Ljava/awt/Component;Ljava/awt/Graphics;I)V+157 java.desktop@9-internal
j  java.awt.Container.paint(Ljava/awt/Graphics;)V+58 java.desktop@9-internal
j  java.awt.Window.paint(Ljava/awt/Graphics;)V+68 java.desktop@9-internal
j  javax.swing.RepaintManager$4.run()Ljava/lang/Void;+142 java.desktop@9-internal
j  javax.swing.RepaintManager$4.run()Ljava/lang/Object;+1 java.desktop@9-internal
v  ~StubRoutines::call_stub
j  java.security.AccessController.doPrivileged(Ljava/security/PrivilegedAction;Ljava/security/AccessControlContext;)Ljava/lang/Object;+0 java.base@9-internal
j  java.security.ProtectionDomain$JavaSecurityAccessImpl.doIntersectionPrivilege(Ljava/security/PrivilegedAction;Ljava/security/AccessControlContext;Ljava/security/AccessControlContext;)Ljava/lang/Object;+18 java.base@9-internal
j  javax.swing.RepaintManager.paintDirtyRegions(Ljava/util/Map;)V+154 java.desktop@9-internal
j  javax.swing.RepaintManager.paintDirtyRegions()V+46 java.desktop@9-internal
j  javax.swing.RepaintManager.prePaintDirtyRegions()V+73 java.desktop@9-internal
j  javax.swing.RepaintManager.access$1200(Ljavax/swing/RepaintManager;)V+1 java.desktop@9-internal
j  javax.swing.RepaintManager$ProcessingRunnable.run()V+37 java.desktop@9-internal
j  java.awt.event.InvocationEvent.dispatch()V+47 java.desktop@9-internal
j  java.awt.EventQueue.dispatchEventImpl(Ljava/awt/AWTEvent;Ljava/lang/Object;)V+21 java.desktop@9-internal
j  java.awt.EventQueue.access$500(Ljava/awt/EventQueue;Ljava/awt/AWTEvent;Ljava/lang/Object;)V+3 java.desktop@9-internal
j  java.awt.EventQueue$3.run()Ljava/lang/Void;+32 java.desktop@9-internal
j  java.awt.EventQueue$3.run()Ljava/lang/Object;+1 java.desktop@9-internal
v  ~StubRoutines::call_stub
j  java.security.AccessController.doPrivileged(Ljava/security/PrivilegedAction;Ljava/security/AccessControlContext;)Ljava/lang/Object;+0 java.base@9-internal
j  java.security.ProtectionDomain$JavaSecurityAccessImpl.doIntersectionPrivilege(Ljava/security/PrivilegedAction;Ljava/security/AccessControlContext;Ljava/security/AccessControlContext;)Ljava/lang/Object;+18 java.base@9-internal
j  java.awt.EventQueue.dispatchEvent(Ljava/awt/AWTEvent;)V+46 java.desktop@9-internal
j  java.awt.EventDispatchThread.pumpOneEventForFilters(I)V+183 java.desktop@9-internal
j  java.awt.EventDispatchThread.pumpEventsForFilter(ILjava/awt/Conditional;Ljava/awt/EventFilter;)V+35 java.desktop@9-internal
j  java.awt.EventDispatchThread.pumpEventsForHierarchy(ILjava/awt/Conditional;Ljava/awt/Component;)V+11 java.desktop@9-internal
j  java.awt.EventDispatchThread.pumpEvents(ILjava/awt/Conditional;)V+4 java.desktop@9-internal
j  java.awt.EventDispatchThread.pumpEvents(Ljava/awt/Conditional;)V+3 java.desktop@9-internal
j  java.awt.EventDispatchThread.run()V+9 java.desktop@9-internal
v  ~StubRoutines::call_stub

siginfo: si_signo: 11 (SIGSEGV), si_code: 1 (SEGV_MAPERR), si_addr: 0x0000000000000000

Register to memory mapping:

RAX=0x0000000000000000 is an unknown value
RBX=0x0000000000000000 is an unknown value
RCX=0x0000000000000000 is an unknown value
RDX=0x0000000000010002 is an unknown value
RSP=0x00007f8c053db5b0 is pointing into the stack for thread: 0x00007f8c74380000
RBP=0x00007f8c053db5c0 is pointing into the stack for thread: 0x00007f8c74380000
RSI=0x0000000000010002 is an unknown value
RDI=0x0000000000000000 is an unknown value
R8 =0x0000000000000000 is an unknown value
R9 =0x0000000000000000 is an unknown value
R10=0x00000000000001db is an unknown value
R11=0x00007f8c7a7a2ff0: JNU_GetEnv+0x0000000000000000 in /usr/lib/jvm/java-9-openjdk-amd64/lib/amd64/libjava.so at 0x00007f8c7a786000
R12=0x00007f8be0028b60 is an unknown value
R13=0x0000000000000000 is an unknown value
R14=0x0000000000000000 is an unknown value
R15=0x00007f8be00351a0 is an unknown value


Registers:
RAX=0x0000000000000000, RBX=0x0000000000000000, RCX=0x0000000000000000, RDX=0x0000000000010002
RSP=0x00007f8c053db5b0, RBP=0x00007f8c053db5c0, RSI=0x0000000000010002, RDI=0x0000000000000000
R8 =0x0000000000000000, R9 =0x0000000000000000, R10=0x00000000000001db, R11=0x00007f8c7a7a2ff0
R12=0x00007f8be0028b60, R13=0x0000000000000000, R14=0x0000000000000000, R15=0x00007f8be00351a0
RIP=0x00007f8c7a7a3009, EFLAGS=0x0000000000010246, CSGSFS=0x0000000000000033, ERR=0x0000000000000004
  TRAPNO=0x000000000000000e

Top of Stack: (sp=0x00007f8c053db5b0)
0x00007f8c053db5b0:   0000000000000000 d91e9c4fddd72700
0x00007f8c053db5c0:   00007f8c053db600 00007f8c063a2f8e
0x00007f8c053db5d0:   00007f8be0028fa0 00007f8be0028b60
0x00007f8c053db5e0:   0000000000000000 0000000000000000
0x00007f8c053db5f0:   00007f8be0028b60 00007f8be00351a0
0x00007f8c053db600:   0000000000000000 00007f8c060d9d1b
0x00007f8c053db610:   0000000000000000 00007f8c0636bd80
0x00007f8c053db620:   0000000000000000 00007f8c060ed8d0
0x00007f8c053db630:   0000000000000002 0000003200000008
0x00007f8c053db640:   0000000000000000 0000000000000000
0x00007f8c053db650:   0000006e0000005b 0000000000000000
0x00007f8c053db660:   0000000000000000 0000007c00000077
0x00007f8c053db670:   0000000000000000 0000000000000000
0x00007f8c053db680:   000000004e8b41d0 468b41e04e8b45e8
0x00007f8c053db690:   0000000000000000 00007f8be0000020
0x00007f8c053db6a0:   0000000000000070 00007f8c053db754
0x00007f8c053db6b0:   00007f8be0028fa0 00007f8be00351a0
0x00007f8c053db6c0:   00007f8c053db754 00007f8c7ceb05d4
0x00007f8c053db6d0:   00007f8c053db820 00007f8c053db704
0x00007f8c053db6e0:   00007f8c063689e0 d91e9c4fddd72700
0x00007f8c053db6f0:   0000000000000070 00007f8be0028c70
0x00007f8c053db700:   00007f8c063689e0 00007f8c053db818
0x00007f8c053db710:   00007f8be0028fa0 00007f8be00351a0
0x00007f8c053db720:   00007f8be00356d0 00007f8c060dc4b2
0x00007f8c053db730:   0000000100000000 00007f8c053db820
0x00007f8c053db740:   0000000000000000 0000000000000000
0x00007f8c053db750:   00000000053db818 d91e9c4fddd72700
0x00007f8c053db760:   00007f8be0028c70 00007f8c053db820
0x00007f8c053db770:   0000000000000000 00007f8be0028ec8
0x00007f8c053db780:   00007f8c053dba20 00007f8be0028e28
0x00007f8c053db790:   00007f8be0028fa0 00007f8c060de571
0x00007f8c053db7a0:   00007f8c053db820 00007f8c060de366 

Instructions: (pc=0x00007f8c7a7a3009)
0x00007f8c7a7a2fe9:   ff eb ea 0f 1f 40 00 55 89 f2 48 89 e5 48 83 ec
0x00007f8c7a7a2ff9:   10 64 48 8b 04 25 28 00 00 00 48 89 45 f8 31 c0
0x00007f8c7a7a3009:   48 8b 07 48 8d 75 f0 ff 50 30 48 8b 4d f8 64 48
0x00007f8c7a7a3019:   33 0c 25 28 00 00 00 48 8b 45 f0 75 02 c9 c3 e8 


---------------  P R O C E S S  ---------------

Java Threads: ( => current thread )
  0x00007f8c74011000 JavaThread "DestroyJavaVM" [_thread_blocked, id=2585, stack(0x00007f8c7d4fd000,0x00007f8c7d5fe000)]
=>0x00007f8c74380000 JavaThread "AWT-EventQueue-0" [_thread_in_native, id=2615, stack(0x00007f8c052e1000,0x00007f8c053e2000)]
  0x00007f8c7437e800 JavaThread "AWT-Shutdown" [_thread_blocked, id=2614, stack(0x00007f8c0548c000,0x00007f8c0558d000)]
  0x00007f8c7437c000 JavaThread "Image Fetcher 3" daemon [_thread_blocked, id=2613, stack(0x00007f8c0558d000,0x00007f8c0568e000)]
  0x00007f8c742da800 JavaThread "AWT-XAWT" daemon [_thread_in_native, id=2612, stack(0x00007f8c0588e000,0x00007f8c0598f000)]
  0x00007f8c742bb800 JavaThread "Java2D Disposer" daemon [_thread_blocked, id=2611, stack(0x00007f8c05d9f000,0x00007f8c05ea0000)]
  0x00007f8c74189800 JavaThread "Service Thread" daemon [_thread_blocked, id=2609, stack(0x00007f8c07dfe000,0x00007f8c07eff000)]
  0x00007f8c7415e000 JavaThread "Common-Cleaner" daemon [_thread_blocked, id=2607, stack(0x00007f8c07eff000,0x00007f8c08000000)]
  0x00007f8c74136800 JavaThread "Sweeper thread" daemon [_thread_blocked, id=2605, stack(0x00007f8c3472f000,0x00007f8c34830000)]
  0x00007f8c74134800 JavaThread "C1 CompilerThread2" daemon [_thread_blocked, id=2604, stack(0x00007f8c34830000,0x00007f8c34931000)]
  0x00007f8c74132800 JavaThread "C2 CompilerThread1" daemon [_thread_blocked, id=2603, stack(0x00007f8c34931000,0x00007f8c34a32000)]
  0x00007f8c74131000 JavaThread "C2 CompilerThread0" daemon [_thread_blocked, id=2602, stack(0x00007f8c34a32000,0x00007f8c34b33000)]
  0x00007f8c7412c800 JavaThread "Signal Dispatcher" daemon [_thread_blocked, id=2601, stack(0x00007f8c34b33000,0x00007f8c34c34000)]
  0x00007f8c7412a800 JavaThread "Surrogate Locker Thread (Concurrent GC)" daemon [_thread_blocked, id=2600, stack(0x00007f8c34c34000,0x00007f8c34d35000)]
  0x00007f8c74119000 JavaThread "Finalizer" daemon [_thread_blocked, id=2599, stack(0x00007f8c3500f000,0x00007f8c35110000)]
  0x00007f8c74115000 JavaThread "Reference Handler" daemon [_thread_blocked, id=2598, stack(0x00007f8c5c0e7000,0x00007f8c5c1e8000)]

Other Threads:
  0x00007f8c7410b000 VMThread [stack: 0x00007f8c5c1e8000,0x00007f8c5c2e9000] [id=2597]
  0x00007f8c741f4800 WatcherThread [stack: 0x00007f8c07cfd000,0x00007f8c07dfe000] [id=2610]

Threads with active compile tasks:

VM state:not at safepoint (normal execution)

VM Mutex/Monitor currently owned by a thread: None

heap address: 0x00000000c4400000, size: 956 MB, Compressed Oops mode: 32-bit
Narrow klass base: 0x0000000000000000, Narrow klass shift: 3
Compressed class space size: 1073741824 Address: 0x0000000100000000

Heap:
 garbage-first heap   total 61440K, used 3559K [0x00000000c4400000, 0x00000000c45001e0, 0x0000000100000000)
  region size 1024K, 3 young (3072K), 1 survivors (1024K)
 Metaspace       used 12768K, capacity 13216K, committed 13440K, reserved 1060864K
  class space    used 1477K, capacity 1636K, committed 1664K, reserved 1048576K

Heap Regions: E=young(eden), S=young(survivor), O=old, HS=humongous(starts), HC=humongous(continues), CS=collection set, F=free, A=archive, TS=gc time stamp, AC=allocation context, TAMS=top-at-mark-start (previous, next)
|   0|0x00000000c4400000, 0x00000000c4500000, 0x00000000c4500000|100%| O|  |TS  1|AC  0|TAMS 0x00000000c4400000, 0x00000000c4400000|
|   1|0x00000000c4500000, 0x00000000c4579e00, 0x00000000c4600000| 47%| O|  |TS  1|AC  0|TAMS 0x00000000c4500000, 0x00000000c4500000|
|   2|0x00000000c4600000, 0x00000000c4600000, 0x00000000c4700000|  0%| F|  |TS  0|AC  0|TAMS 0x00000000c4600000, 0x00000000c4600000|
|   3|0x00000000c4700000, 0x00000000c4700000, 0x00000000c4800000|  0%| F|  |TS  0|AC  0|TAMS 0x00000000c4700000, 0x00000000c4700000|
|   4|0x00000000c4800000, 0x00000000c4800000, 0x00000000c4900000|  0%| F|  |TS  0|AC  0|TAMS 0x00000000c4800000, 0x00000000c4800000|
|   5|0x00000000c4900000, 0x00000000c4900000, 0x00000000c4a00000|  0%| F|  |TS  0|AC  0|TAMS 0x00000000c4900000, 0x00000000c4900000|
|   6|0x00000000c4a00000, 0x00000000c4a00000, 0x00000000c4b00000|  0%| F|  |TS  0|AC  0|TAMS 0x00000000c4a00000, 0x00000000c4a00000|
|   7|0x00000000c4b00000, 0x00000000c4b00000, 0x00000000c4c00000|  0%| F|  |TS  0|AC  0|TAMS 0x00000000c4b00000, 0x00000000c4b00000|
|   8|0x00000000c4c00000, 0x00000000c4c00000, 0x00000000c4d00000|  0%| F|  |TS  0|AC  0|TAMS 0x00000000c4c00000, 0x00000000c4c00000|
|   9|0x00000000c4d00000, 0x00000000c4d00000, 0x00000000c4e00000|  0%| F|  |TS  0|AC  0|TAMS 0x00000000c4d00000, 0x00000000c4d00000|
|  10|0x00000000c4e00000, 0x00000000c4e00000, 0x00000000c4f00000|  0%| F|  |TS  0|AC  0|TAMS 0x00000000c4e00000, 0x00000000c4e00000|
|  11|0x00000000c4f00000, 0x00000000c4f00000, 0x00000000c5000000|  0%| F|  |TS  0|AC  0|TAMS 0x00000000c4f00000, 0x00000000c4f00000|
|  12|0x00000000c5000000, 0x00000000c5000000, 0x00000000c5100000|  0%| F|  |TS  0|AC  0|TAMS 0x00000000c5000000, 0x00000000c5000000|
|  13|0x00000000c5100000, 0x00000000c5100000, 0x00000000c5200000|  0%| F|  |TS  0|AC  0|TAMS 0x00000000c5100000, 0x00000000c5100000|
|  14|0x00000000c5200000, 0x00000000c5200000, 0x00000000c5300000|  0%| F|  |TS  0|AC  0|TAMS 0x00000000c5200000, 0x00000000c5200000|
|  15|0x00000000c5300000, 0x00000000c5300000, 0x00000000c5400000|  0%| F|  |TS  0|AC  0|TAMS 0x00000000c5300000, 0x00000000c5300000|
|  16|0x00000000c5400000, 0x00000000c5400000, 0x00000000c5500000|  0%| F|  |TS  0|AC  0|TAMS 0x00000000c5400000, 0x00000000c5400000|
|  17|0x00000000c5500000, 0x00000000c5500000, 0x00000000c5600000|  0%| F|  |TS  0|AC  0|TAMS 0x00000000c5500000, 0x00000000c5500000|
|  18|0x00000000c5600000, 0x00000000c5600000, 0x00000000c5700000|  0%| F|  |TS  0|AC  0|TAMS 0x00000000c5600000, 0x00000000c5600000|
|  19|0x00000000c5700000, 0x00000000c5700000, 0x00000000c5800000|  0%| F|  |TS  0|AC  0|TAMS 0x00000000c5700000, 0x00000000c5700000|
|  20|0x00000000c5800000, 0x00000000c5800000, 0x00000000c5900000|  0%| F|  |TS  0|AC  0|TAMS 0x00000000c5800000, 0x00000000c5800000|
|  21|0x00000000c5900000, 0x00000000c5900000, 0x00000000c5a00000|  0%| F|  |TS  0|AC  0|TAMS 0x00000000c5900000, 0x00000000c5900000|
|  22|0x00000000c5a00000, 0x00000000c5a00000, 0x00000000c5b00000|  0%| F|  |TS  0|AC  0|TAMS 0x00000000c5a00000, 0x00000000c5a00000|
|  23|0x00000000c5b00000, 0x00000000c5b00000, 0x00000000c5c00000|  0%| F|  |TS  0|AC  0|TAMS 0x00000000c5b00000, 0x00000000c5b00000|
|  24|0x00000000c5c00000, 0x00000000c5c00000, 0x00000000c5d00000|  0%| F|  |TS  0|AC  0|TAMS 0x00000000c5c00000, 0x00000000c5c00000|
|  25|0x00000000c5d00000, 0x00000000c5d00000, 0x00000000c5e00000|  0%| F|  |TS  0|AC  0|TAMS 0x00000000c5d00000, 0x00000000c5d00000|
|  26|0x00000000c5e00000, 0x00000000c5e00000, 0x00000000c5f00000|  0%| F|  |TS  0|AC  0|TAMS 0x00000000c5e00000, 0x00000000c5e00000|
|  27|0x00000000c5f00000, 0x00000000c5f00000, 0x00000000c6000000|  0%| F|  |TS  0|AC  0|TAMS 0x00000000c5f00000, 0x00000000c5f00000|
|  28|0x00000000c6000000, 0x00000000c6000000, 0x00000000c6100000|  0%| F|  |TS  0|AC  0|TAMS 0x00000000c6000000, 0x00000000c6000000|
|  29|0x00000000c6100000, 0x00000000c6100000, 0x00000000c6200000|  0%| F|  |TS  0|AC  0|TAMS 0x00000000c6100000, 0x00000000c6100000|
|  30|0x00000000c6200000, 0x00000000c6200000, 0x00000000c6300000|  0%| F|  |TS  0|AC  0|TAMS 0x00000000c6200000, 0x00000000c6200000|
|  31|0x00000000c6300000, 0x00000000c6300000, 0x00000000c6400000|  0%| F|  |TS  0|AC  0|TAMS 0x00000000c6300000, 0x00000000c6300000|
|  32|0x00000000c6400000, 0x00000000c6400000, 0x00000000c6500000|  0%| F|  |TS  0|AC  0|TAMS 0x00000000c6400000, 0x00000000c6400000|
|  33|0x00000000c6500000, 0x00000000c6500000, 0x00000000c6600000|  0%| F|  |TS  0|AC  0|TAMS 0x00000000c6500000, 0x00000000c6500000|
|  34|0x00000000c6600000, 0x00000000c6600000, 0x00000000c6700000|  0%| F|  |TS  0|AC  0|TAMS 0x00000000c6600000, 0x00000000c6600000|
|  35|0x00000000c6700000, 0x00000000c6700000, 0x00000000c6800000|  0%| F|  |TS  0|AC  0|TAMS 0x00000000c6700000, 0x00000000c6700000|
|  36|0x00000000c6800000, 0x00000000c6800000, 0x00000000c6900000|  0%| F|  |TS  0|AC  0|TAMS 0x00000000c6800000, 0x00000000c6800000|
|  37|0x00000000c6900000, 0x00000000c6900000, 0x00000000c6a00000|  0%| F|  |TS  0|AC  0|TAMS 0x00000000c6900000, 0x00000000c6900000|
|  38|0x00000000c6a00000, 0x00000000c6a00000, 0x00000000c6b00000|  0%| F|  |TS  0|AC  0|TAMS 0x00000000c6a00000, 0x00000000c6a00000|
|  39|0x00000000c6b00000, 0x00000000c6b00000, 0x00000000c6c00000|  0%| F|  |TS  0|AC  0|TAMS 0x00000000c6b00000, 0x00000000c6b00000|
|  40|0x00000000c6c00000, 0x00000000c6c00000, 0x00000000c6d00000|  0%| F|  |TS  0|AC  0|TAMS 0x00000000c6c00000, 0x00000000c6c00000|
|  41|0x00000000c6d00000, 0x00000000c6d00000, 0x00000000c6e00000|  0%| F|  |TS  0|AC  0|TAMS 0x00000000c6d00000, 0x00000000c6d00000|
|  42|0x00000000c6e00000, 0x00000000c6e00000, 0x00000000c6f00000|  0%| F|  |TS  0|AC  0|TAMS 0x00000000c6e00000, 0x00000000c6e00000|
|  43|0x00000000c6f00000, 0x00000000c6f00000, 0x00000000c7000000|  0%| F|  |TS  0|AC  0|TAMS 0x00000000c6f00000, 0x00000000c6f00000|
|  44|0x00000000c7000000, 0x00000000c7000000, 0x00000000c7100000|  0%| F|  |TS  0|AC  0|TAMS 0x00000000c7000000, 0x00000000c7000000|
|  45|0x00000000c7100000, 0x00000000c7100000, 0x00000000c7200000|  0%| F|  |TS  0|AC  0|TAMS 0x00000000c7100000, 0x00000000c7100000|
|  46|0x00000000c7200000, 0x00000000c7200000, 0x00000000c7300000|  0%| F|  |TS  0|AC  0|TAMS 0x00000000c7200000, 0x00000000c7200000|
|  47|0x00000000c7300000, 0x00000000c7300000, 0x00000000c7400000|  0%| F|  |TS  0|AC  0|TAMS 0x00000000c7300000, 0x00000000c7300000|
|  48|0x00000000c7400000, 0x00000000c7400000, 0x00000000c7500000|  0%| F|  |TS  0|AC  0|TAMS 0x00000000c7400000, 0x00000000c7400000|
|  49|0x00000000c7500000, 0x00000000c7500000, 0x00000000c7600000|  0%| F|  |TS  0|AC  0|TAMS 0x00000000c7500000, 0x00000000c7500000|
|  50|0x00000000c7600000, 0x00000000c7600000, 0x00000000c7700000|  0%| F|  |TS  0|AC  0|TAMS 0x00000000c7600000, 0x00000000c7600000|
|  51|0x00000000c7700000, 0x00000000c7700000, 0x00000000c7800000|  0%| F|  |TS  0|AC  0|TAMS 0x00000000c7700000, 0x00000000c7700000|
|  52|0x00000000c7800000, 0x00000000c7900000, 0x00000000c7900000|100%| S|CS|TS  1|AC  0|TAMS 0x00000000c7800000, 0x00000000c7800000|
|  53|0x00000000c7900000, 0x00000000c7900000, 0x00000000c7a00000|  0%| F|  |TS  0|AC  0|TAMS 0x00000000c7900000, 0x00000000c7900000|
|  54|0x00000000c7a00000, 0x00000000c7a00000, 0x00000000c7b00000|  0%| F|  |TS  0|AC  0|TAMS 0x00000000c7a00000, 0x00000000c7a00000|
|  55|0x00000000c7b00000, 0x00000000c7b00000, 0x00000000c7c00000|  0%| F|  |TS  0|AC  0|TAMS 0x00000000c7b00000, 0x00000000c7b00000|
|  56|0x00000000c7c00000, 0x00000000c7c00000, 0x00000000c7d00000|  0%| F|  |TS  0|AC  0|TAMS 0x00000000c7c00000, 0x00000000c7c00000|
|  57|0x00000000c7d00000, 0x00000000c7d00000, 0x00000000c7e00000|  0%| F|  |TS  0|AC  0|TAMS 0x00000000c7d00000, 0x00000000c7d00000|
|  58|0x00000000c7e00000, 0x00000000c7e5ee58, 0x00000000c7f00000| 37%| E|  |TS  0|AC  0|TAMS 0x00000000c7e00000, 0x00000000c7e00000|
|  59|0x00000000c7f00000, 0x00000000c8000000, 0x00000000c8000000|100%| E|CS|TS  0|AC  0|TAMS 0x00000000c7f00000, 0x00000000c7f00000|

Card table byte_map: [0x00007f8c786bb000,0x00007f8c78899000] byte_map_base: 0x00007f8c78099000

Marking Bits (Prev, Next): (CMBitMap*) 0x00007f8c7404b9e0, (CMBitMap*) 0x00007f8c7404ba38
 Prev Bits: [0x00007f8c5cd61000, 0x00007f8c5dc51000)
 Next Bits: [0x00007f8c37110000, 0x00007f8c38000000)

Polling page: 0x00007f8c7d627000

CodeHeap 'non-nmethods': size=5696Kb used=1276Kb max_used=1282Kb free=4419Kb
 bounds [0x00007f8c5dc51000, 0x00007f8c5dec1000, 0x00007f8c5e1e1000]
CodeHeap 'profiled nmethods': size=120032Kb used=1108Kb max_used=1108Kb free=118923Kb
 bounds [0x00007f8c5e1e1000, 0x00007f8c5e451000, 0x00007f8c65719000]
CodeHeap 'non-profiled nmethods': size=120032Kb used=210Kb max_used=210Kb free=119821Kb
 bounds [0x00007f8c65719000, 0x00007f8c65989000, 0x00007f8c6cc51000]
 total_blobs=1350 nmethods=654 adapters=465
 compilation: enabled

Compilation events (10 events):
Event: 7,980 Thread 0x00007f8c74134800  650       3       java.lang.ref.ReferenceQueue::reallyPoll (65 bytes)
Event: 7,981 Thread 0x00007f8c74134800 nmethod 650 0x00007f8c5e2f4410 code [0x00007f8c5e2f45c0, 0x00007f8c5e2f4b10]
Event: 7,981 Thread 0x00007f8c74134800  652       3       jdk.internal.org.objectweb.asm.AnnotationWriter::put (109 bytes)
Event: 7,983 Thread 0x00007f8c74134800 nmethod 652 0x00007f8c5e2f4c10 code [0x00007f8c5e2f4de0, 0x00007f8c5e2f52f8]
Event: 7,984 Thread 0x00007f8c74134800  651       3       jdk.internal.org.objectweb.asm.AnnotationWriter::getSize (28 bytes)
Event: 7,984 Thread 0x00007f8c74134800 nmethod 651 0x00007f8c5e2f5590 code [0x00007f8c5e2f5720, 0x00007f8c5e2f5930]
Event: 8,051 Thread 0x00007f8c74134800  653       3       java.nio.HeapByteBuffer::_get (7 bytes)
Event: 8,051 Thread 0x00007f8c74134800 nmethod 653 0x00007f8c5e2f5a10 code [0x00007f8c5e2f5b80, 0x00007f8c5e2f5cf0]
Event: 8,067 Thread 0x00007f8c74134800  654       3       java.nio.Buffer::nextGetIndex (31 bytes)
Event: 8,067 Thread 0x00007f8c74134800 nmethod 654 0x00007f8c5e2f5e10 code [0x00007f8c5e2f5fa0, 0x00007f8c5e2f61a8]

GC Heap History (2 events):
Event: 7,691 GC heap before
{Heap before GC invocations=0 (full 0):
 garbage-first heap   total 61440K, used 7168K [0x00000000c4400000, 0x00000000c45001e0, 0x0000000100000000)
  region size 1024K, 7 young (7168K), 0 survivors (0K)
 Metaspace       used 12508K, capacity 12894K, committed 13184K, reserved 1060864K
  class space    used 1440K, capacity 1595K, committed 1664K, reserved 1048576K
}
Event: 7,720 GC heap after
{Heap after GC invocations=1 (full 0):
 garbage-first heap   total 61440K, used 2535K [0x00000000c4400000, 0x00000000c45001e0, 0x0000000100000000)
  region size 1024K, 1 young (1024K), 1 survivors (1024K)
 Metaspace       used 12508K, capacity 12894K, committed 13184K, reserved 1060864K
  class space    used 1440K, capacity 1595K, committed 1664K, reserved 1048576K
}

Deoptimization events (10 events):
Event: 6,127 Thread 0x00007f8c74011000 Uncommon trap: reason=unstable_if action=reinterpret pc=0x00007f8c65725d98 method=java.util.HashMap.hash(Ljava/lang/Object;)I @ 1
Event: 6,173 Thread 0x00007f8c74011000 Uncommon trap: reason=unstable_fused_if action=reinterpret pc=0x00007f8c65727a1c method=java.util.HashMap.resize()[Ljava/util/HashMap$Node; @ 31
Event: 7,097 Thread 0x00007f8c74011000 Uncommon trap: reason=class_check action=maybe_recompile pc=0x00007f8c65720aac method=java.util.HashMap.putVal(ILjava/lang/Object;Ljava/lang/Object;ZZ)Ljava/lang/Object; @ 253
Event: 7,104 Thread 0x00007f8c74011000 Uncommon trap: reason=class_check action=maybe_recompile pc=0x00007f8c65720aac method=java.util.HashMap.putVal(ILjava/lang/Object;Ljava/lang/Object;ZZ)Ljava/lang/Object; @ 253
Event: 7,105 Thread 0x00007f8c74011000 Uncommon trap: reason=class_check action=maybe_recompile pc=0x00007f8c65720aac method=java.util.HashMap.putVal(ILjava/lang/Object;Ljava/lang/Object;ZZ)Ljava/lang/Object; @ 253
Event: 7,114 Thread 0x00007f8c74011000 Uncommon trap: reason=unstable_fused_if action=reinterpret pc=0x00007f8c65732574 method=jdk.internal.org.objectweb.asm.ByteVector.putUTF8(Ljava/lang/String;)Ljdk/internal/org/objectweb/asm/ByteVector; @ 91
Event: 7,784 Thread 0x00007f8c74380000 Uncommon trap: reason=bimorphic_or_optimized_type_check action=maybe_recompile pc=0x00007f8c657447ec method=java.util.HashMap.putVal(ILjava/lang/Object;Ljava/lang/Object;ZZ)Ljava/lang/Object; @ 91
Event: 7,784 Thread 0x00007f8c74380000 Uncommon trap: reason=bimorphic_or_optimized_type_check action=maybe_recompile pc=0x00007f8c657447ec method=java.util.HashMap.putVal(ILjava/lang/Object;Ljava/lang/Object;ZZ)Ljava/lang/Object; @ 91
Event: 7,784 Thread 0x00007f8c74380000 Uncommon trap: reason=bimorphic_or_optimized_type_check action=maybe_recompile pc=0x00007f8c657447ec method=java.util.HashMap.putVal(ILjava/lang/Object;Ljava/lang/Object;ZZ)Ljava/lang/Object; @ 91
Event: 7,784 Thread 0x00007f8c74380000 Uncommon trap: reason=bimorphic_or_optimized_type_check action=maybe_recompile pc=0x00007f8c657447ec method=java.util.HashMap.putVal(ILjava/lang/Object;Ljava/lang/Object;ZZ)Ljava/lang/Object; @ 91

Classes redefined (0 events):
No events

Internal exceptions (10 events):
Event: 4,181 Thread 0x00007f8c74011000 Exception <a 'java/lang/ClassNotFoundException': sun/awt/resources/awtProvider> (0x00000000c7d98508) thrown at [/build/openjdk-9-argm_o/openjdk-9-9~b114/src/hotspot/src/share/vm/classfile/systemDictionary.cpp, line 224]
Event: 4,359 Thread 0x00007f8c74011000 Exception <a 'java/io/FileNotFoundException'> (0x00000000c7dd6598) thrown at [/build/openjdk-9-argm_o/openjdk-9-9~b114/src/hotspot/src/share/vm/prims/jni.cpp, line 605]
Event: 4,365 Thread 0x00007f8c74011000 Exception <a 'java/io/FileNotFoundException'> (0x00000000c7dde6a0) thrown at [/build/openjdk-9-argm_o/openjdk-9-9~b114/src/hotspot/src/share/vm/prims/jni.cpp, line 605]
Event: 5,930 Thread 0x00007f8c74011000 Exception <a 'java/lang/ClassNotFoundException': com/sun/swing/internal/plaf/metal/resources/metalProvider> (0x00000000c7b99e08) thrown at [/build/openjdk-9-argm_o/openjdk-9-9~b114/src/hotspot/src/share/vm/classfile/systemDictionary.cpp, line 224]
Event: 5,942 Thread 0x00007f8c74011000 Exception <a 'java/lang/ClassNotFoundException': com/sun/swing/internal/plaf/basic/resources/basicProvider> (0x00000000c7b9e178) thrown at [/build/openjdk-9-argm_o/openjdk-9-9~b114/src/hotspot/src/share/vm/classfile/systemDictionary.cpp, line 224]
Event: 6,127 Thread 0x00007f8c74011000 Implicit null exception at 0x00007f8c657250be to 0x00007f8c65725d7d
Event: 6,348 Thread 0x00007f8c74011000 Exception <a 'java/lang/ClassNotFoundException': com/sun/swing/internal/plaf/metal/resources/metalProvider> (0x00000000c7bd4740) thrown at [/build/openjdk-9-argm_o/openjdk-9-9~b114/src/hotspot/src/share/vm/classfile/systemDictionary.cpp, line 224]
Event: 6,349 Thread 0x00007f8c74011000 Exception <a 'java/lang/ClassNotFoundException': com/sun/swing/internal/plaf/basic/resources/basicProvider> (0x00000000c7bd51f8) thrown at [/build/openjdk-9-argm_o/openjdk-9-9~b114/src/hotspot/src/share/vm/classfile/systemDictionary.cpp, line 224]
Event: 6,909 Thread 0x00007f8c7437c000 Exception <a 'java/lang/InterruptedException': sleep interrupted> (0x00000000c7a61e00) thrown at [/build/openjdk-9-argm_o/openjdk-9-9~b114/src/hotspot/src/share/vm/prims/jvm.cpp, line 3065]
Event: 6,935 Thread 0x00007f8c7437c000 Exception <a 'java/lang/InterruptedException': sleep interrupted> (0x00000000c7910d90) thrown at [/build/openjdk-9-argm_o/openjdk-9-9~b114/src/hotspot/src/share/vm/prims/jvm.cpp, line 3065]

Events (10 events):
Event: 8,052 loading class sun/nio/cs/UTF_16$Decoder
Event: 8,059 loading class sun/nio/cs/UnicodeDecoder
Event: 8,067 loading class sun/nio/cs/UnicodeDecoder done
Event: 8,067 loading class sun/nio/cs/UTF_16$Decoder done
Event: 8,067 loading class sun/font/FileFontStrike
Event: 8,068 loading class sun/font/FileFontStrike done
Event: 8,068 loading class sun/font/FontScaler
Event: 8,071 loading class sun/font/FontScaler done
Event: 8,071 loading class sun/font/FreetypeFontScaler
Event: 8,071 loading class sun/font/FreetypeFontScaler done


Dynamic libraries:
00400000-00401000 r-xp 00000000 08:07 2493487                            /usr/lib/jvm/java-9-openjdk-amd64/bin/java
00600000-00601000 r--p 00000000 08:07 2493487                            /usr/lib/jvm/java-9-openjdk-amd64/bin/java
00601000-00602000 rw-p 00001000 08:07 2493487                            /usr/lib/jvm/java-9-openjdk-amd64/bin/java
0258f000-025b0000 rw-p 00000000 00:00 0                                  [heap]
c4400000-c8000000 rw-p 00000000 00:00 0 
c8000000-100000000 ---p 00000000 00:00 0 
100000000-1001a0000 rw-p 00000000 00:00 0 
1001a0000-140000000 ---p 00000000 00:00 0 
7f8be0000000-7f8be0039000 rw-p 00000000 00:00 0 
7f8be0039000-7f8be4000000 ---p 00000000 00:00 0 
7f8be8000000-7f8be8021000 rw-p 00000000 00:00 0 
7f8be8021000-7f8bec000000 ---p 00000000 00:00 0 
7f8bec000000-7f8bec021000 rw-p 00000000 00:00 0 
7f8bec021000-7f8bf0000000 ---p 00000000 00:00 0 
7f8bf0000000-7f8bf0021000 rw-p 00000000 00:00 0 
7f8bf0021000-7f8bf4000000 ---p 00000000 00:00 0 
7f8bf4000000-7f8bf4021000 rw-p 00000000 00:00 0 
7f8bf4021000-7f8bf8000000 ---p 00000000 00:00 0 
7f8bf8000000-7f8bf8021000 rw-p 00000000 00:00 0 
7f8bf8021000-7f8bfc000000 ---p 00000000 00:00 0 
7f8bfc000000-7f8bfc021000 rw-p 00000000 00:00 0 
7f8bfc021000-7f8c00000000 ---p 00000000 00:00 0 
7f8c00000000-7f8c00021000 rw-p 00000000 00:00 0 
7f8c00021000-7f8c04000000 ---p 00000000 00:00 0 
7f8c050e1000-7f8c05261000 rw-p 00000000 00:00 0 
7f8c05261000-7f8c052e1000 ---p 00000000 00:00 0 
7f8c052e1000-7f8c052e5000 ---p 00000000 00:00 0 
7f8c052e5000-7f8c053e2000 rw-p 00000000 00:00 0 
7f8c053e2000-7f8c05422000 r--s 00000000 08:07 26226245                   /var/cache/fontconfig/0bd3dc0958fa2205aaaa8ebb13e2872b-le64.cache-6
7f8c0548c000-7f8c05490000 ---p 00000000 00:00 0 
7f8c05490000-7f8c0558d000 rw-p 00000000 00:00 0 
7f8c0558d000-7f8c05591000 ---p 00000000 00:00 0 
7f8c05591000-7f8c0588e000 rw-p 00000000 00:00 0 
7f8c0588e000-7f8c05892000 ---p 00000000 00:00 0 
7f8c05892000-7f8c0598f000 rw-p 00000000 00:00 0 
7f8c0598f000-7f8c05994000 r-xp 00000000 08:07 402281                     /usr/lib/x86_64-linux-gnu/libXfixes.so.3.1.0
7f8c05994000-7f8c05b93000 ---p 00005000 08:07 402281                     /usr/lib/x86_64-linux-gnu/libXfixes.so.3.1.0
7f8c05b93000-7f8c05b94000 r--p 00004000 08:07 402281                     /usr/lib/x86_64-linux-gnu/libXfixes.so.3.1.0
7f8c05b94000-7f8c05b95000 rw-p 00005000 08:07 402281                     /usr/lib/x86_64-linux-gnu/libXfixes.so.3.1.0
7f8c05b95000-7f8c05b9e000 r-xp 00000000 08:07 402273                     /usr/lib/x86_64-linux-gnu/libXcursor.so.1.0.2
7f8c05b9e000-7f8c05d9d000 ---p 00009000 08:07 402273                     /usr/lib/x86_64-linux-gnu/libXcursor.so.1.0.2
7f8c05d9d000-7f8c05d9e000 r--p 00008000 08:07 402273                     /usr/lib/x86_64-linux-gnu/libXcursor.so.1.0.2
7f8c05d9e000-7f8c05d9f000 rw-p 00009000 08:07 402273                     /usr/lib/x86_64-linux-gnu/libXcursor.so.1.0.2
7f8c05d9f000-7f8c05da3000 ---p 00000000 00:00 0 
7f8c05da3000-7f8c05ea0000 rw-p 00000000 00:00 0 
7f8c05ea0000-7f8c05ec4000 r-xp 00000000 08:07 9966024                    /lib/x86_64-linux-gnu/libpng12.so.0.54.0
7f8c05ec4000-7f8c060c3000 ---p 00024000 08:07 9966024                    /lib/x86_64-linux-gnu/libpng12.so.0.54.0
7f8c060c3000-7f8c060c4000 r--p 00023000 08:07 9966024                    /lib/x86_64-linux-gnu/libpng12.so.0.54.0
7f8c060c4000-7f8c060c5000 rw-p 00024000 08:07 9966024                    /lib/x86_64-linux-gnu/libpng12.so.0.54.0
7f8c060c5000-7f8c06169000 r-xp 00000000 08:07 402670                     /usr/lib/x86_64-linux-gnu/libfreetype.so.6.12.1
7f8c06169000-7f8c06368000 ---p 000a4000 08:07 402670                     /usr/lib/x86_64-linux-gnu/libfreetype.so.6.12.1
7f8c06368000-7f8c0636e000 r--p 000a3000 08:07 402670                     /usr/lib/x86_64-linux-gnu/libfreetype.so.6.12.1
7f8c0636e000-7f8c0636f000 rw-p 000a9000 08:07 402670                     /usr/lib/x86_64-linux-gnu/libfreetype.so.6.12.1
7f8c0636f000-7f8c06435000 r-xp 00000000 08:07 2493507                    /usr/lib/jvm/java-9-openjdk-amd64/lib/amd64/libfontmanager.so
7f8c06435000-7f8c06634000 ---p 000c6000 08:07 2493507                    /usr/lib/jvm/java-9-openjdk-amd64/lib/amd64/libfontmanager.so
7f8c06634000-7f8c06637000 r--p 000c5000 08:07 2493507                    /usr/lib/jvm/java-9-openjdk-amd64/lib/amd64/libfontmanager.so
7f8c06637000-7f8c06638000 rw-p 000c8000 08:07 2493507                    /usr/lib/jvm/java-9-openjdk-amd64/lib/amd64/libfontmanager.so
7f8c06638000-7f8c06639000 rw-p 00000000 00:00 0 
7f8c06639000-7f8c0663e000 r-xp 00000000 08:07 402277                     /usr/lib/x86_64-linux-gnu/libXdmcp.so.6.0.0
7f8c0663e000-7f8c0683d000 ---p 00005000 08:07 402277                     /usr/lib/x86_64-linux-gnu/libXdmcp.so.6.0.0
7f8c0683d000-7f8c0683e000 r--p 00004000 08:07 402277                     /usr/lib/x86_64-linux-gnu/libXdmcp.so.6.0.0
7f8c0683e000-7f8c0683f000 rw-p 00005000 08:07 402277                     /usr/lib/x86_64-linux-gnu/libXdmcp.so.6.0.0
7f8c0683f000-7f8c06841000 r-xp 00000000 08:07 402266                     /usr/lib/x86_64-linux-gnu/libXau.so.6.0.0
7f8c06841000-7f8c06a41000 ---p 00002000 08:07 402266                     /usr/lib/x86_64-linux-gnu/libXau.so.6.0.0
7f8c06a41000-7f8c06a42000 r--p 00002000 08:07 402266                     /usr/lib/x86_64-linux-gnu/libXau.so.6.0.0
7f8c06a42000-7f8c06a43000 rw-p 00003000 08:07 402266                     /usr/lib/x86_64-linux-gnu/libXau.so.6.0.0
7f8c06a43000-7f8c06a64000 r-xp 00000000 08:07 403685                     /usr/lib/x86_64-linux-gnu/libxcb.so.1.1.0
7f8c06a64000-7f8c06c63000 ---p 00021000 08:07 403685                     /usr/lib/x86_64-linux-gnu/libxcb.so.1.1.0
7f8c06c63000-7f8c06c64000 r--p 00020000 08:07 403685                     /usr/lib/x86_64-linux-gnu/libxcb.so.1.1.0
7f8c06c64000-7f8c06c65000 rw-p 00021000 08:07 403685                     /usr/lib/x86_64-linux-gnu/libxcb.so.1.1.0
7f8c06c65000-7f8c06c74000 r-xp 00000000 08:07 402287                     /usr/lib/x86_64-linux-gnu/libXi.so.6.1.0
7f8c06c74000-7f8c06e73000 ---p 0000f000 08:07 402287                     /usr/lib/x86_64-linux-gnu/libXi.so.6.1.0
7f8c06e73000-7f8c06e74000 r--p 0000e000 08:07 402287                     /usr/lib/x86_64-linux-gnu/libXi.so.6.1.0
7f8c06e74000-7f8c06e75000 rw-p 0000f000 08:07 402287                     /usr/lib/x86_64-linux-gnu/libXi.so.6.1.0
7f8c06e75000-7f8c06e7a000 r-xp 00000000 08:07 402305                     /usr/lib/x86_64-linux-gnu/libXtst.so.6.1.0
7f8c06e7a000-7f8c07079000 ---p 00005000 08:07 402305                     /usr/lib/x86_64-linux-gnu/libXtst.so.6.1.0
7f8c07079000-7f8c0707a000 r--p 00004000 08:07 402305                     /usr/lib/x86_64-linux-gnu/libXtst.so.6.1.0
7f8c0707a000-7f8c0707b000 rw-p 00005000 08:07 402305                     /usr/lib/x86_64-linux-gnu/libXtst.so.6.1.0
7f8c0707b000-7f8c07084000 r-xp 00000000 08:07 402299                     /usr/lib/x86_64-linux-gnu/libXrender.so.1.3.0
7f8c07084000-7f8c07283000 ---p 00009000 08:07 402299                     /usr/lib/x86_64-linux-gnu/libXrender.so.1.3.0
7f8c07283000-7f8c07284000 r--p 00008000 08:07 402299                     /usr/lib/x86_64-linux-gnu/libXrender.so.1.3.0
7f8c07284000-7f8c07285000 rw-p 00009000 08:07 402299                     /usr/lib/x86_64-linux-gnu/libXrender.so.1.3.0
7f8c07285000-7f8c073ba000 r-xp 00000000 08:07 402264                     /usr/lib/x86_64-linux-gnu/libX11.so.6.3.0
7f8c073ba000-7f8c075ba000 ---p 00135000 08:07 402264                     /usr/lib/x86_64-linux-gnu/libX11.so.6.3.0
7f8c075ba000-7f8c075bb000 r--p 00135000 08:07 402264                     /usr/lib/x86_64-linux-gnu/libX11.so.6.3.0
7f8c075bb000-7f8c075bf000 rw-p 00136000 08:07 402264                     /usr/lib/x86_64-linux-gnu/libX11.so.6.3.0
7f8c075bf000-7f8c075d0000 r-xp 00000000 08:07 402279                     /usr/lib/x86_64-linux-gnu/libXext.so.6.4.0
7f8c075d0000-7f8c077cf000 ---p 00011000 08:07 402279                     /usr/lib/x86_64-linux-gnu/libXext.so.6.4.0
7f8c077cf000-7f8c077d0000 r--p 00010000 08:07 402279                     /usr/lib/x86_64-linux-gnu/libXext.so.6.4.0
7f8c077d0000-7f8c077d1000 rw-p 00011000 08:07 402279                     /usr/lib/x86_64-linux-gnu/libXext.so.6.4.0
7f8c077d1000-7f8c07828000 r-xp 00000000 08:07 2493534                    /usr/lib/jvm/java-9-openjdk-amd64/lib/amd64/libawt_xawt.so
7f8c07828000-7f8c07a28000 ---p 00057000 08:07 2493534                    /usr/lib/jvm/java-9-openjdk-amd64/lib/amd64/libawt_xawt.so
7f8c07a28000-7f8c07a29000 r--p 00057000 08:07 2493534                    /usr/lib/jvm/java-9-openjdk-amd64/lib/amd64/libawt_xawt.so
7f8c07a29000-7f8c07a2c000 rw-p 00058000 08:07 2493534                    /usr/lib/jvm/java-9-openjdk-amd64/lib/amd64/libawt_xawt.so
7f8c07a2c000-7f8c07a2d000 rw-p 00000000 00:00 0 
7f8c07a2d000-7f8c07acd000 r-xp 00000000 08:07 2493506                    /usr/lib/jvm/java-9-openjdk-amd64/lib/amd64/libawt.so
7f8c07acd000-7f8c07ccc000 ---p 000a0000 08:07 2493506                    /usr/lib/jvm/java-9-openjdk-amd64/lib/amd64/libawt.so
7f8c07ccc000-7f8c07ccd000 r--p 0009f000 08:07 2493506                    /usr/lib/jvm/java-9-openjdk-amd64/lib/amd64/libawt.so
7f8c07ccd000-7f8c07cd8000 rw-p 000a0000 08:07 2493506                    /usr/lib/jvm/java-9-openjdk-amd64/lib/amd64/libawt.so
7f8c07cd8000-7f8c07cfd000 rw-p 00000000 00:00 0 
7f8c07cfd000-7f8c07cfe000 ---p 00000000 00:00 0 
7f8c07cfe000-7f8c07dfe000 rw-p 00000000 00:00 0 
7f8c07dfe000-7f8c07e02000 ---p 00000000 00:00 0 
7f8c07e02000-7f8c07eff000 rw-p 00000000 00:00 0 
7f8c07eff000-7f8c07f03000 ---p 00000000 00:00 0 
7f8c07f03000-7f8c08000000 rw-p 00000000 00:00 0 
7f8c08000000-7f8c08145000 rw-p 00000000 00:00 0 
7f8c08145000-7f8c0c000000 ---p 00000000 00:00 0 
7f8c0c000000-7f8c0c021000 rw-p 00000000 00:00 0 
7f8c0c021000-7f8c10000000 ---p 00000000 00:00 0 
7f8c10000000-7f8c101fd000 rw-p 00000000 00:00 0 
7f8c101fd000-7f8c14000000 ---p 00000000 00:00 0 
7f8c14000000-7f8c141b2000 rw-p 00000000 00:00 0 
7f8c141b2000-7f8c18000000 ---p 00000000 00:00 0 
7f8c18000000-7f8c18021000 rw-p 00000000 00:00 0 
7f8c18021000-7f8c1c000000 ---p 00000000 00:00 0 
7f8c1c000000-7f8c1c021000 rw-p 00000000 00:00 0 
7f8c1c021000-7f8c20000000 ---p 00000000 00:00 0 
7f8c20000000-7f8c20021000 rw-p 00000000 00:00 0 
7f8c20021000-7f8c24000000 ---p 00000000 00:00 0 
7f8c24000000-7f8c24021000 rw-p 00000000 00:00 0 
7f8c24021000-7f8c28000000 ---p 00000000 00:00 0 
7f8c28000000-7f8c28021000 rw-p 00000000 00:00 0 
7f8c28021000-7f8c2c000000 ---p 00000000 00:00 0 
7f8c2c000000-7f8c2c021000 rw-p 00000000 00:00 0 
7f8c2c021000-7f8c30000000 ---p 00000000 00:00 0 
7f8c30000000-7f8c30021000 rw-p 00000000 00:00 0 
7f8c30021000-7f8c34000000 ---p 00000000 00:00 0 
7f8c34004000-7f8c34305000 rw-p 00000000 00:00 0 
7f8c34305000-7f8c3431b000 r-xp 00000000 08:07 2493508                    /usr/lib/jvm/java-9-openjdk-amd64/lib/amd64/libnet.so
7f8c3431b000-7f8c3451a000 ---p 00016000 08:07 2493508                    /usr/lib/jvm/java-9-openjdk-amd64/lib/amd64/libnet.so
7f8c3451a000-7f8c3451b000 r--p 00015000 08:07 2493508                    /usr/lib/jvm/java-9-openjdk-amd64/lib/amd64/libnet.so
7f8c3451b000-7f8c3451c000 rw-p 00016000 08:07 2493508                    /usr/lib/jvm/java-9-openjdk-amd64/lib/amd64/libnet.so
7f8c3451c000-7f8c3452d000 r-xp 00000000 08:07 2493535                    /usr/lib/jvm/java-9-openjdk-amd64/lib/amd64/libnio.so
7f8c3452d000-7f8c3472d000 ---p 00011000 08:07 2493535                    /usr/lib/jvm/java-9-openjdk-amd64/lib/amd64/libnio.so
7f8c3472d000-7f8c3472e000 r--p 00011000 08:07 2493535                    /usr/lib/jvm/java-9-openjdk-amd64/lib/amd64/libnio.so
7f8c3472e000-7f8c3472f000 rw-p 00012000 08:07 2493535                    /usr/lib/jvm/java-9-openjdk-amd64/lib/amd64/libnio.so
7f8c3472f000-7f8c34733000 ---p 00000000 00:00 0 
7f8c34733000-7f8c34830000 rw-p 00000000 00:00 0 
7f8c34830000-7f8c34834000 ---p 00000000 00:00 0 
7f8c34834000-7f8c34931000 rw-p 00000000 00:00 0 
7f8c34931000-7f8c34935000 ---p 00000000 00:00 0 
7f8c34935000-7f8c34a32000 rw-p 00000000 00:00 0 
7f8c34a32000-7f8c34a36000 ---p 00000000 00:00 0 
7f8c34a36000-7f8c34b33000 rw-p 00000000 00:00 0 
7f8c34b33000-7f8c34b37000 ---p 00000000 00:00 0 
7f8c34b37000-7f8c34c34000 rw-p 00000000 00:00 0 
7f8c34c34000-7f8c34c38000 ---p 00000000 00:00 0 
7f8c34c38000-7f8c34d35000 rw-p 00000000 00:00 0 
7f8c34d35000-7f8c3500f000 r--p 00000000 08:07 401192                     /usr/lib/locale/locale-archive
7f8c3500f000-7f8c35013000 ---p 00000000 00:00 0 
7f8c35013000-7f8c37200000 rw-p 00000000 00:00 0 
7f8c37200000-7f8c38000000 ---p 00000000 00:00 0 
7f8c38000000-7f8c38021000 rw-p 00000000 00:00 0 
7f8c38021000-7f8c3c000000 ---p 00000000 00:00 0 
7f8c3c000000-7f8c3c021000 rw-p 00000000 00:00 0 
7f8c3c021000-7f8c40000000 ---p 00000000 00:00 0 
7f8c40000000-7f8c40021000 rw-p 00000000 00:00 0 
7f8c40021000-7f8c44000000 ---p 00000000 00:00 0 
7f8c44000000-7f8c44021000 rw-p 00000000 00:00 0 
7f8c44021000-7f8c48000000 ---p 00000000 00:00 0 
7f8c48000000-7f8c48021000 rw-p 00000000 00:00 0 
7f8c48021000-7f8c4c000000 ---p 00000000 00:00 0 
7f8c4c000000-7f8c4c021000 rw-p 00000000 00:00 0 
7f8c4c021000-7f8c50000000 ---p 00000000 00:00 0 
7f8c50000000-7f8c50021000 rw-p 00000000 00:00 0 
7f8c50021000-7f8c54000000 ---p 00000000 00:00 0 
7f8c54000000-7f8c54021000 rw-p 00000000 00:00 0 
7f8c54021000-7f8c58000000 ---p 00000000 00:00 0 
7f8c58000000-7f8c58021000 rw-p 00000000 00:00 0 
7f8c58021000-7f8c5c000000 ---p 00000000 00:00 0 
7f8c5c002000-7f8c5c00d000 r--s 00000000 08:07 26226252                   /var/cache/fontconfig/945677eb7aeaf62f1d50efc3fb3ec7d8-le64.cache-6
7f8c5c00d000-7f8c5c00f000 r--s 00000000 08:07 26228149                   /var/cache/fontconfig/99e8ed0e538f840c565b6ed5dad60d56-le64.cache-6
7f8c5c00f000-7f8c5c018000 r--s 00000000 08:07 26228148                   /var/cache/fontconfig/a6d8cf8e4ec09cdbc8633c31745a07dd-le64.cache-6
7f8c5c018000-7f8c5c01e000 r--s 00000000 08:07 26226255                   /var/cache/fontconfig/2cd17615ca594fa2959ae173292e504c-le64.cache-6
7f8c5c01e000-7f8c5c01f000 r--s 00000000 08:07 26226254                   /var/cache/fontconfig/0d8c3b2ac0904cb8a57a757ad11a4a08-le64.cache-6
7f8c5c01f000-7f8c5c034000 r--s 00000000 08:07 26226253                   /var/cache/fontconfig/04aabc0a78ac019cf9454389977116d2-le64.cache-6
7f8c5c034000-7f8c5c035000 r--s 00000000 08:07 26226251                   /var/cache/fontconfig/1ac9eb803944fde146138c791f5cc56a-le64.cache-6
7f8c5c035000-7f8c5c039000 r--s 00000000 08:07 26226250                   /var/cache/fontconfig/385c0604a188198f04d133e54aba7fe7-le64.cache-6
7f8c5c039000-7f8c5c03a000 r--s 00000000 08:07 26226249                   /var/cache/fontconfig/dc05db6664285cc2f12bf69c139ae4c3-le64.cache-6
7f8c5c03a000-7f8c5c03d000 r--s 00000000 08:07 26226248                   /var/cache/fontconfig/767a8244fc0220cfb567a839d0392e0b-le64.cache-6
7f8c5c03d000-7f8c5c03f000 r--s 00000000 08:07 26226247                   /var/cache/fontconfig/69fb4bbe1b2fa860e172a32ebf28505c-le64.cache-6
7f8c5c03f000-7f8c5c044000 r--s 00000000 08:07 26226244                   /var/cache/fontconfig/8801497958630a81b71ace7c5f9b32a8-le64.cache-6
7f8c5c044000-7f8c5c07f000 r--s 00000000 08:07 26214896                   /var/cache/fontconfig/365b55f210c0a22e9a19e35191240f32-le64.cache-6
7f8c5c07f000-7f8c5c086000 r--s 00000000 08:07 26226241                   /var/cache/fontconfig/3047814df9a2f067bd2d96a2b9c36e5a-le64.cache-6
7f8c5c086000-7f8c5c08e000 r--s 00000000 08:07 26226239                   /var/cache/fontconfig/bf3b770c553c462765856025a94f1ce6-le64.cache-6
7f8c5c08e000-7f8c5c096000 r--s 00000000 08:07 26226976                   /var/cache/fontconfig/52f7bdb7ce746bfd7eaa1985bd9cfa93-le64.cache-6
7f8c5c096000-7f8c5c0a9000 r--s 00000000 08:07 26226215                   /var/cache/fontconfig/d52a8644073d54c13679302ca1180695-le64.cache-6
7f8c5c0a9000-7f8c5c0b4000 r--s 00000000 08:07 26226211                   /var/cache/fontconfig/d589a48862398ed80a3d6066f4f56f4c-le64.cache-6
7f8c5c0b4000-7f8c5c0c6000 r--s 00000000 08:07 26214728                   /var/cache/fontconfig/9b89f8e3dae116d678bbf48e5f21f69b-le64.cache-6
7f8c5c0c6000-7f8c5c0e7000 r--p 00000000 08:07 1050952                    /usr/share/locale-langpack/pt_BR/LC_MESSAGES/libc.mo
7f8c5c0e7000-7f8c5c0eb000 ---p 00000000 00:00 0 
7f8c5c0eb000-7f8c5c1e8000 rw-p 00000000 00:00 0 
7f8c5c1e8000-7f8c5c1e9000 ---p 00000000 00:00 0 
7f8c5c1e9000-7f8c5cb5f000 rw-p 00000000 00:00 0 
7f8c5cb5f000-7f8c5ce51000 rw-p 00000000 00:00 0 
7f8c5ce51000-7f8c5dc51000 ---p 00000000 00:00 0 
7f8c5dc51000-7f8c5dec1000 rwxp 00000000 00:00 0 
7f8c5dec1000-7f8c5e1e1000 ---p 00000000 00:00 0 
7f8c5e1e1000-7f8c5e451000 rwxp 00000000 00:00 0 
7f8c5e451000-7f8c65719000 ---p 00000000 00:00 0 
7f8c65719000-7f8c65989000 rwxp 00000000 00:00 0 
7f8c65989000-7f8c6cc51000 ---p 00000000 00:00 0 
7f8c6cc51000-7f8c74000000 r--s 00000000 08:07 2493492                    /usr/lib/jvm/java-9-openjdk-amd64/lib/modules
7f8c74000000-7f8c7439e000 rw-p 00000000 00:00 0 
7f8c7439e000-7f8c78000000 ---p 00000000 00:00 0 
7f8c78000000-7f8c78006000 r--s 00000000 08:07 26226216                   /var/cache/fontconfig/b47c4e1ecd0709278f4910c18777a504-le64.cache-6
7f8c78006000-7f8c782db000 rw-p 00000000 00:00 0 
7f8c782db000-7f8c782dc000 ---p 00000000 00:00 0 
7f8c782dc000-7f8c783dc000 rw-p 00000000 00:00 0 
7f8c783dc000-7f8c783dd000 ---p 00000000 00:00 0 
7f8c783dd000-7f8c784fb000 rw-p 00000000 00:00 0 
7f8c784fb000-7f8c786bb000 ---p 00000000 00:00 0 
7f8c786bb000-7f8c786d9000 rw-p 00000000 00:00 0 
7f8c786d9000-7f8c78a77000 ---p 00000000 00:00 0 
7f8c78a77000-7f8c78a95000 rw-p 00000000 00:00 0 
7f8c78a95000-7f8c78c55000 ---p 00000000 00:00 0 
7f8c78c55000-7f8c78c56000 ---p 00000000 00:00 0 
7f8c78c56000-7f8c78d56000 rw-p 00000000 00:00 0 
7f8c78d56000-7f8c78d57000 ---p 00000000 00:00 0 
7f8c78d57000-7f8c78e57000 rw-p 00000000 00:00 0 
7f8c78e57000-7f8c78e58000 ---p 00000000 00:00 0 
7f8c78e58000-7f8c78f58000 rw-p 00000000 00:00 0 
7f8c78f58000-7f8c78f59000 ---p 00000000 00:00 0 
7f8c78f59000-7f8c79059000 rw-p 00000000 00:00 0 
7f8c79059000-7f8c7905a000 ---p 00000000 00:00 0 
7f8c7905a000-7f8c7955e000 rw-p 00000000 00:00 0 
7f8c7955e000-7f8c7955f000 ---p 00000000 00:00 0 
7f8c7955f000-7f8c7965f000 rw-p 00000000 00:00 0 
7f8c7965f000-7f8c79660000 ---p 00000000 00:00 0 
7f8c79660000-7f8c79760000 rw-p 00000000 00:00 0 
7f8c79760000-7f8c79761000 ---p 00000000 00:00 0 
7f8c79761000-7f8c79861000 rw-p 00000000 00:00 0 
7f8c79861000-7f8c79862000 ---p 00000000 00:00 0 
7f8c79862000-7f8c79967000 rw-p 00000000 00:00 0 
7f8c79967000-7f8c79a4d000 ---p 00000000 00:00 0 
7f8c79a4d000-7f8c79a52000 rw-p 00000000 00:00 0 
7f8c79a52000-7f8c79b38000 ---p 00000000 00:00 0 
7f8c79b38000-7f8c79b3d000 r-xp 00000000 08:07 2493522                    /usr/lib/jvm/java-9-openjdk-amd64/lib/amd64/libjimage.so
7f8c79b3d000-7f8c79d3c000 ---p 00005000 08:07 2493522                    /usr/lib/jvm/java-9-openjdk-amd64/lib/amd64/libjimage.so
7f8c79d3c000-7f8c79d3d000 r--p 00004000 08:07 2493522                    /usr/lib/jvm/java-9-openjdk-amd64/lib/amd64/libjimage.so
7f8c79d3d000-7f8c79d3e000 rw-p 00005000 08:07 2493522                    /usr/lib/jvm/java-9-openjdk-amd64/lib/amd64/libjimage.so
7f8c79d3e000-7f8c79d45000 r-xp 00000000 08:07 2493518                    /usr/lib/jvm/java-9-openjdk-amd64/lib/amd64/libzip.so
7f8c79d45000-7f8c79f44000 ---p 00007000 08:07 2493518                    /usr/lib/jvm/java-9-openjdk-amd64/lib/amd64/libzip.so
7f8c79f44000-7f8c79f45000 r--p 00006000 08:07 2493518                    /usr/lib/jvm/java-9-openjdk-amd64/lib/amd64/libzip.so
7f8c79f45000-7f8c79f46000 rw-p 00007000 08:07 2493518                    /usr/lib/jvm/java-9-openjdk-amd64/lib/amd64/libzip.so
7f8c79f46000-7f8c79f51000 r-xp 00000000 08:07 9966575                    /lib/x86_64-linux-gnu/libnss_files-2.23.so
7f8c79f51000-7f8c7a150000 ---p 0000b000 08:07 9966575                    /lib/x86_64-linux-gnu/libnss_files-2.23.so
7f8c7a150000-7f8c7a151000 r--p 0000a000 08:07 9966575                    /lib/x86_64-linux-gnu/libnss_files-2.23.so
7f8c7a151000-7f8c7a152000 rw-p 0000b000 08:07 9966575                    /lib/x86_64-linux-gnu/libnss_files-2.23.so
7f8c7a152000-7f8c7a158000 rw-p 00000000 00:00 0 
7f8c7a158000-7f8c7a163000 r-xp 00000000 08:07 9965905                    /lib/x86_64-linux-gnu/libnss_nis-2.23.so
7f8c7a163000-7f8c7a362000 ---p 0000b000 08:07 9965905                    /lib/x86_64-linux-gnu/libnss_nis-2.23.so
7f8c7a362000-7f8c7a363000 r--p 0000a000 08:07 9965905                    /lib/x86_64-linux-gnu/libnss_nis-2.23.so
7f8c7a363000-7f8c7a364000 rw-p 0000b000 08:07 9965905                    /lib/x86_64-linux-gnu/libnss_nis-2.23.so
7f8c7a364000-7f8c7a37a000 r-xp 00000000 08:07 9966571                    /lib/x86_64-linux-gnu/libnsl-2.23.so
7f8c7a37a000-7f8c7a579000 ---p 00016000 08:07 9966571                    /lib/x86_64-linux-gnu/libnsl-2.23.so
7f8c7a579000-7f8c7a57a000 r--p 00015000 08:07 9966571                    /lib/x86_64-linux-gnu/libnsl-2.23.so
7f8c7a57a000-7f8c7a57b000 rw-p 00016000 08:07 9966571                    /lib/x86_64-linux-gnu/libnsl-2.23.so
7f8c7a57b000-7f8c7a57d000 rw-p 00000000 00:00 0 
7f8c7a57d000-7f8c7a585000 r-xp 00000000 08:07 9966572                    /lib/x86_64-linux-gnu/libnss_compat-2.23.so
7f8c7a585000-7f8c7a784000 ---p 00008000 08:07 9966572                    /lib/x86_64-linux-gnu/libnss_compat-2.23.so
7f8c7a784000-7f8c7a785000 r--p 00007000 08:07 9966572                    /lib/x86_64-linux-gnu/libnss_compat-2.23.so
7f8c7a785000-7f8c7a786000 rw-p 00008000 08:07 9966572                    /lib/x86_64-linux-gnu/libnss_compat-2.23.so
7f8c7a786000-7f8c7a7b1000 r-xp 00000000 08:07 2493501                    /usr/lib/jvm/java-9-openjdk-amd64/lib/amd64/libjava.so
7f8c7a7b1000-7f8c7a9b0000 ---p 0002b000 08:07 2493501                    /usr/lib/jvm/java-9-openjdk-amd64/lib/amd64/libjava.so
7f8c7a9b0000-7f8c7a9b1000 r--p 0002a000 08:07 2493501                    /usr/lib/jvm/java-9-openjdk-amd64/lib/amd64/libjava.so
7f8c7a9b1000-7f8c7a9b3000 rw-p 0002b000 08:07 2493501                    /usr/lib/jvm/java-9-openjdk-amd64/lib/amd64/libjava.so
7f8c7a9b3000-7f8c7a9c0000 r-xp 00000000 08:07 2493502                    /usr/lib/jvm/java-9-openjdk-amd64/lib/amd64/libverify.so
7f8c7a9c0000-7f8c7abbf000 ---p 0000d000 08:07 2493502                    /usr/lib/jvm/java-9-openjdk-amd64/lib/amd64/libverify.so
7f8c7abbf000-7f8c7abc1000 r--p 0000c000 08:07 2493502                    /usr/lib/jvm/java-9-openjdk-amd64/lib/amd64/libverify.so
7f8c7abc1000-7f8c7abc2000 rw-p 0000e000 08:07 2493502                    /usr/lib/jvm/java-9-openjdk-amd64/lib/amd64/libverify.so
7f8c7abc2000-7f8c7abc9000 r-xp 00000000 08:07 9965904                    /lib/x86_64-linux-gnu/librt-2.23.so
7f8c7abc9000-7f8c7adc8000 ---p 00007000 08:07 9965904                    /lib/x86_64-linux-gnu/librt-2.23.so
7f8c7adc8000-7f8c7adc9000 r--p 00006000 08:07 9965904                    /lib/x86_64-linux-gnu/librt-2.23.so
7f8c7adc9000-7f8c7adca000 rw-p 00007000 08:07 9965904                    /lib/x86_64-linux-gnu/librt-2.23.so
7f8c7adca000-7f8c7ade0000 r-xp 00000000 08:07 9965923                    /lib/x86_64-linux-gnu/libgcc_s.so.1
7f8c7ade0000-7f8c7afdf000 ---p 00016000 08:07 9965923                    /lib/x86_64-linux-gnu/libgcc_s.so.1
7f8c7afdf000-7f8c7afe0000 rw-p 00015000 08:07 9965923                    /lib/x86_64-linux-gnu/libgcc_s.so.1
7f8c7afe0000-7f8c7b0e8000 r-xp 00000000 08:07 9966569                    /lib/x86_64-linux-gnu/libm-2.23.so
7f8c7b0e8000-7f8c7b2e7000 ---p 00108000 08:07 9966569                    /lib/x86_64-linux-gnu/libm-2.23.so
7f8c7b2e7000-7f8c7b2e8000 r--p 00107000 08:07 9966569                    /lib/x86_64-linux-gnu/libm-2.23.so
7f8c7b2e8000-7f8c7b2e9000 rw-p 00108000 08:07 9966569                    /lib/x86_64-linux-gnu/libm-2.23.so
7f8c7b2e9000-7f8c7b45b000 r-xp 00000000 08:07 393445                     /usr/lib/x86_64-linux-gnu/libstdc++.so.6.0.21
7f8c7b45b000-7f8c7b65b000 ---p 00172000 08:07 393445                     /usr/lib/x86_64-linux-gnu/libstdc++.so.6.0.21
7f8c7b65b000-7f8c7b665000 r--p 00172000 08:07 393445                     /usr/lib/x86_64-linux-gnu/libstdc++.so.6.0.21
7f8c7b665000-7f8c7b667000 rw-p 0017c000 08:07 393445                     /usr/lib/x86_64-linux-gnu/libstdc++.so.6.0.21
7f8c7b667000-7f8c7b66b000 rw-p 00000000 00:00 0 
7f8c7b66b000-7f8c7c4c9000 r-xp 00000000 08:07 2493515                    /usr/lib/jvm/java-9-openjdk-amd64/lib/amd64/server/libjvm.so
7f8c7c4c9000-7f8c7c6c9000 ---p 00e5e000 08:07 2493515                    /usr/lib/jvm/java-9-openjdk-amd64/lib/amd64/server/libjvm.so
7f8c7c6c9000-7f8c7c77b000 r--p 00e5e000 08:07 2493515                    /usr/lib/jvm/java-9-openjdk-amd64/lib/amd64/server/libjvm.so
7f8c7c77b000-7f8c7c7ad000 rw-p 00f10000 08:07 2493515                    /usr/lib/jvm/java-9-openjdk-amd64/lib/amd64/server/libjvm.so
7f8c7c7ad000-7f8c7c7f2000 rw-p 00000000 00:00 0 
7f8c7c7f2000-7f8c7c80a000 r-xp 00000000 08:07 9966570                    /lib/x86_64-linux-gnu/libpthread-2.23.so
7f8c7c80a000-7f8c7ca09000 ---p 00018000 08:07 9966570                    /lib/x86_64-linux-gnu/libpthread-2.23.so
7f8c7ca09000-7f8c7ca0a000 r--p 00017000 08:07 9966570                    /lib/x86_64-linux-gnu/libpthread-2.23.so
7f8c7ca0a000-7f8c7ca0b000 rw-p 00018000 08:07 9966570                    /lib/x86_64-linux-gnu/libpthread-2.23.so
7f8c7ca0b000-7f8c7ca0f000 rw-p 00000000 00:00 0 
7f8c7ca0f000-7f8c7ca12000 r-xp 00000000 08:07 9965930                    /lib/x86_64-linux-gnu/libdl-2.23.so
7f8c7ca12000-7f8c7cc11000 ---p 00003000 08:07 9965930                    /lib/x86_64-linux-gnu/libdl-2.23.so
7f8c7cc11000-7f8c7cc12000 r--p 00002000 08:07 9965930                    /lib/x86_64-linux-gnu/libdl-2.23.so
7f8c7cc12000-7f8c7cc13000 rw-p 00003000 08:07 9965930                    /lib/x86_64-linux-gnu/libdl-2.23.so
7f8c7cc13000-7f8c7cc2c000 r-xp 00000000 08:07 9966074                    /lib/x86_64-linux-gnu/libz.so.1.2.8
7f8c7cc2c000-7f8c7ce2b000 ---p 00019000 08:07 9966074                    /lib/x86_64-linux-gnu/libz.so.1.2.8
7f8c7ce2b000-7f8c7ce2c000 r--p 00018000 08:07 9966074                    /lib/x86_64-linux-gnu/libz.so.1.2.8
7f8c7ce2c000-7f8c7ce2d000 rw-p 00019000 08:07 9966074                    /lib/x86_64-linux-gnu/libz.so.1.2.8
7f8c7ce2d000-7f8c7cfec000 r-xp 00000000 08:07 9965931                    /lib/x86_64-linux-gnu/libc-2.23.so
7f8c7cfec000-7f8c7d1ec000 ---p 001bf000 08:07 9965931                    /lib/x86_64-linux-gnu/libc-2.23.so
7f8c7d1ec000-7f8c7d1f0000 r--p 001bf000 08:07 9965931                    /lib/x86_64-linux-gnu/libc-2.23.so
7f8c7d1f0000-7f8c7d1f2000 rw-p 001c3000 08:07 9965931                    /lib/x86_64-linux-gnu/libc-2.23.so
7f8c7d1f2000-7f8c7d1f6000 rw-p 00000000 00:00 0 
7f8c7d1f6000-7f8c7d204000 r-xp 00000000 08:07 2493532                    /usr/lib/jvm/java-9-openjdk-amd64/lib/amd64/jli/libjli.so
7f8c7d204000-7f8c7d403000 ---p 0000e000 08:07 2493532                    /usr/lib/jvm/java-9-openjdk-amd64/lib/amd64/jli/libjli.so
7f8c7d403000-7f8c7d404000 r--p 0000d000 08:07 2493532                    /usr/lib/jvm/java-9-openjdk-amd64/lib/amd64/jli/libjli.so
7f8c7d404000-7f8c7d405000 rw-p 0000e000 08:07 2493532                    /usr/lib/jvm/java-9-openjdk-amd64/lib/amd64/jli/libjli.so
7f8c7d405000-7f8c7d42b000 r-xp 00000000 08:07 9961486                    /lib/x86_64-linux-gnu/ld-2.23.so
7f8c7d42b000-7f8c7d42c000 r--s 00000000 08:07 26226246                   /var/cache/fontconfig/4794a0821666d79190d59a36cb4f44b5-le64.cache-6
7f8c7d42c000-7f8c7d42d000 r--s 00000000 08:07 26226242                   /var/cache/fontconfig/bab58bb527bb656aaa9f116d68a48d89-le64.cache-6
7f8c7d42d000-7f8c7d42e000 r--s 00000000 08:07 26226238                   /var/cache/fontconfig/56cf4f4769d0f4abc89a4895d7bd3ae1-le64.cache-6
7f8c7d42e000-7f8c7d42f000 r--s 00000000 08:07 26226236                   /var/cache/fontconfig/b9d506c9ac06c20b433354fa67a72993-le64.cache-6
7f8c7d42f000-7f8c7d430000 r--s 00000000 08:07 26226212                   /var/cache/fontconfig/551ecf3b0e8b0bca0f25c0944f561853-le64.cache-6
7f8c7d430000-7f8c7d431000 r--s 00000000 08:07 26226204                   /var/cache/fontconfig/30829fa25452a46451e813d634d7f916-le64.cache-6
7f8c7d431000-7f8c7d43c000 r--s 00000000 08:07 26226196                   /var/cache/fontconfig/83bf95040141907cd45bb53cf7c1c148-le64.cache-6
7f8c7d43c000-7f8c7d449000 r--s 00000000 08:07 26228146                   /var/cache/fontconfig/e13b20fdb08344e0e664864cc2ede53d-le64.cache-6
7f8c7d449000-7f8c7d4fd000 rw-p 00000000 00:00 0 
7f8c7d4fd000-7f8c7d501000 ---p 00000000 00:00 0 
7f8c7d501000-7f8c7d603000 rw-p 00000000 00:00 0 
7f8c7d603000-7f8c7d604000 r--s 00000000 08:07 26226193                   /var/cache/fontconfig/0c9eb80ebd1c36541ebe2852d3bb0c49-le64.cache-6
7f8c7d604000-7f8c7d607000 r--s 00000000 08:07 26226199                   /var/cache/fontconfig/75114ca45c98e8a441da0ff356701271-le64.cache-6
7f8c7d607000-7f8c7d60b000 r--s 00000000 08:07 26214746                   /var/cache/fontconfig/7ef2298fde41cc6eeb7af42e48b7d293-le64.cache-6
7f8c7d60b000-7f8c7d612000 r--s 00000000 08:07 659961                     /usr/lib/x86_64-linux-gnu/gconv/gconv-modules.cache
7f8c7d612000-7f8c7d617000 rw-p 00000000 00:00 0 
7f8c7d617000-7f8c7d61e000 ---p 00000000 00:00 0 
7f8c7d61e000-7f8c7d626000 rw-s 00000000 08:07 8388972                    /tmp/hsperfdata_thiagofelix/2583
7f8c7d626000-7f8c7d627000 rw-p 00000000 00:00 0 
7f8c7d627000-7f8c7d628000 r--p 00000000 00:00 0 
7f8c7d628000-7f8c7d62a000 rw-p 00000000 00:00 0 
7f8c7d62a000-7f8c7d62b000 r--p 00025000 08:07 9961486                    /lib/x86_64-linux-gnu/ld-2.23.so
7f8c7d62b000-7f8c7d62c000 rw-p 00026000 08:07 9961486                    /lib/x86_64-linux-gnu/ld-2.23.so
7f8c7d62c000-7f8c7d62d000 rw-p 00000000 00:00 0 
7ffdc1bb1000-7ffdc1bd2000 rw-p 00000000 00:00 0                          [stack]
7ffdc1be3000-7ffdc1be5000 r--p 00000000 00:00 0                          [vvar]
7ffdc1be5000-7ffdc1be7000 r-xp 00000000 00:00 0                          [vdso]
ffffffffff600000-ffffffffff601000 r-xp 00000000 00:00 0                  [vsyscall]

VM Arguments:
java_command: /home/thiagofelix/Documentos/Projetos/projectBiblioteca/projectBiblioteca.jar
java_class_path (initial): /home/thiagofelix/Documentos/Projetos/projectBiblioteca/projectBiblioteca.jar
Launcher Type: SUN_STANDARD

Environment Variables:
PATH=/home/thiagofelix/bin:/home/thiagofelix/.local/bin:/usr/local/sbin:/usr/local/bin:/usr/sbin:/usr/bin:/sbin:/bin:/usr/games:/usr/local/games:/usr/local/android-studio/bins:/snap/bin
SHELL=/bin/bash
DISPLAY=:0

Signal Handlers:
SIGSEGV: [libjvm.so+0xc12c20], sa_mask[0]=11111111011111111101111111111110, sa_flags=SA_RESTART|SA_SIGINFO
SIGBUS: [libjvm.so+0xc12c20], sa_mask[0]=11111111011111111101111111111110, sa_flags=SA_RESTART|SA_SIGINFO
SIGFPE: [libjvm.so+0xc12c20], sa_mask[0]=11111111011111111101111111111110, sa_flags=SA_RESTART|SA_SIGINFO
SIGPIPE: [libjvm.so+0xa3b600], sa_mask[0]=11111111011111111101111111111110, sa_flags=SA_RESTART|SA_SIGINFO
SIGXFSZ: [libjvm.so+0xa3b600], sa_mask[0]=11111111011111111101111111111110, sa_flags=SA_RESTART|SA_SIGINFO
SIGILL: [libjvm.so+0xc12c20], sa_mask[0]=11111111011111111101111111111110, sa_flags=SA_RESTART|SA_SIGINFO
SIGUSR2: [libjvm.so+0xa3b4a0], sa_mask[0]=00000000000000000000000000000000, sa_flags=SA_RESTART|SA_SIGINFO
SIGHUP: [libjvm.so+0xa3b870], sa_mask[0]=11111111011111111101111111111110, sa_flags=SA_RESTART|SA_SIGINFO
SIGINT: [libjvm.so+0xa3b870], sa_mask[0]=11111111011111111101111111111110, sa_flags=SA_RESTART|SA_SIGINFO
SIGTERM: [libjvm.so+0xa3b870], sa_mask[0]=11111111011111111101111111111110, sa_flags=SA_RESTART|SA_SIGINFO
SIGQUIT: [libjvm.so+0xa3b870], sa_mask[0]=11111111011111111101111111111110, sa_flags=SA_RESTART|SA_SIGINFO


---------------  S Y S T E M  ---------------

OS:DISTRIB_ID=Ubuntu
DISTRIB_RELEASE=16.04
DISTRIB_CODENAME=xenial
DISTRIB_DESCRIPTION="Ubuntu 16.04.1 LTS"
uname:Linux 4.4.0-57-generic #78-Ubuntu SMP Fri Dec 9 23:50:32 UTC 2016 x86_64
libc:glibc 2.23 NPTL 2.23 
rlimit: STACK 8192k, CORE 0k, NPROC 15114, NOFILE 65536, AS infinity
load average:2,49 1,71 0,93

/proc/meminfo:
MemTotal:        3909724 kB
MemFree:          339292 kB
MemAvailable:    1342236 kB
Buffers:           79360 kB
Cached:          1375240 kB
SwapCached:            0 kB
Active:          2295776 kB
Inactive:        1020512 kB
Active(anon):    1863464 kB
Inactive(anon):   287200 kB
Active(file):     432312 kB
Inactive(file):   733312 kB
Unevictable:          32 kB
Mlocked:              32 kB
SwapTotal:       4895740 kB
SwapFree:        4895740 kB
Dirty:             35740 kB
Writeback:             0 kB
AnonPages:       1861760 kB
Mapped:           789876 kB
Shmem:            288680 kB
Slab:             134820 kB
SReclaimable:      90524 kB
SUnreclaim:        44296 kB
KernelStack:       11280 kB
PageTables:        59556 kB
NFS_Unstable:          0 kB
Bounce:                0 kB
WritebackTmp:          0 kB
CommitLimit:     6850600 kB
Committed_AS:    7693256 kB
VmallocTotal:   34359738367 kB
VmallocUsed:           0 kB
VmallocChunk:          0 kB
HardwareCorrupted:     0 kB
AnonHugePages:    208896 kB
CmaTotal:              0 kB
CmaFree:               0 kB
HugePages_Total:       0
HugePages_Free:        0
HugePages_Rsvd:        0
HugePages_Surp:        0
Hugepagesize:       2048 kB
DirectMap4k:      156748 kB
DirectMap2M:     3901440 kB
DirectMap1G:           0 kB


CPU:total 4 (2 cores per cpu, 2 threads per core) family 6 model 78 stepping 3, cmov, cx8, fxsr, mmx, sse, sse2, sse3, ssse3, sse4.1, sse4.2, popcnt, avx, avx2, aes, clmul, erms, rtm, 3dnowpref, lzcnt, ht, tsc, tscinvbit, bmi1, bmi2, adx

CPU Model and flags from /proc/cpuinfo:
model name	: Intel(R) Core(TM) i3-6100U CPU @ 2.30GHz
flags		: fpu vme de pse tsc msr pae mce cx8 apic sep mtrr pge mca cmov pat pse36 clflush dts acpi mmx fxsr sse sse2 ss ht tm pbe syscall nx pdpe1gb rdtscp lm constant_tsc art arch_perfmon pebs bts rep_good nopl xtopology nonstop_tsc aperfmperf eagerfpu pni pclmulqdq dtes64 monitor ds_cpl vmx est tm2 ssse3 sdbg fma cx16 xtpr pdcm pcid sse4_1 sse4_2 x2apic movbe popcnt tsc_deadline_timer aes xsave avx f16c rdrand lahf_lm abm 3dnowprefetch epb intel_pt tpr_shadow vnmi flexpriority ept vpid fsgsbase tsc_adjust bmi1 hle avx2 smep bmi2 erms invpcid rtm mpx rdseed adx smap clflushopt xsaveopt xsavec xgetbv1 dtherm ida arat pln pts hwp hwp_notify hwp_act_window hwp_epp

Memory: 4k page, physical 3909724k(339292k free), swap 4895740k(4895740k free)

vm_info: OpenJDK 64-Bit Server VM (9-internal+0-2016-04-14-195246.buildd.src) for linux-amd64 JRE (9-internal+0-2016-04-14-195246.buildd.src), built on Apr 14 2016 20:05:37 by "buildd" with gcc 5.3.1 20160413

END.
